{"meta": {"format": 3, "version": "7.15.2", "timestamp": "2026-09-07T01:51:57.206863", "branch_coverage": true, "show_contexts": false}, "files": {"src/sentinel/__init__.py": {"executed_lines": [3, 5, 6, 10], "summary": {"covered_lines": 4, "num_statements": 4, "percent_covered": 100.0, "percent_covered_display": "100", "missing_lines": 0, "excluded_lines": 2, "percent_statements_covered": 100.0, "percent_statements_covered_display": "100", "num_branches": 0, "num_partial_branches": 0, "covered_branches": 0, "missing_branches": 0, "percent_branches_covered": 100.0, "percent_branches_covered_display": "100"}, "missing_lines": [], "excluded_lines": [7, 8], "executed_branches": [], "missing_branches": [], "functions": {"": {"executed_lines": [3, 5, 6, 10], "summary": {"covered_lines": 4, "num_statements": 4, "percent_covered": 100.0, "percent_covered_display": "100", "missing_lines": 0, "excluded_lines": 2, "percent_statements_covered": 100.0, "percent_statements_covered_display": "100", "num_branches": 0, "num_partial_branches": 0, "covered_branches": 0, "missing_branches": 0, "percent_branches_covered": 100.0, "percent_branches_covered_display": "100"}, "missing_lines": [], "excluded_lines": [7, 8], "start_line": 1, "executed_branches": [], "missing_branches": []}}, "classes": {"": {"executed_lines": [3, 5, 6, 10], "summary": {"covered_lines": 4, "num_statements": 4, "percent_covered": 100.0, "percent_covered_display": "100", "missing_lines": 0, "excluded_lines": 2, "percent_statements_covered": 100.0, "percent_statements_covered_display": "100", "num_branches": 0, "num_partial_branches": 0, "covered_branches": 0, "missing_branches": 0, "percent_branches_covered": 100.0, "percent_branches_covered_display": "100"}, "missing_lines": [], "excluded_lines": [7, 8], "start_line": 1, "executed_branches": [], "missing_branches": []}}}, "src/sentinel/__main__.py": {"executed_lines": [], "summary": {"covered_lines": 0, "num_statements": 1, "percent_covered": 0.0, "percent_covered_display": "0", "missing_lines": 1, "excluded_lines": 2, "percent_statements_covered": 0.0, "percent_statements_covered_display": "0", "num_branches": 0, "num_partial_branches": 0, "covered_branches": 0, "missing_branches": 0, "percent_branches_covered": 100.0, "percent_branches_covered_display": "100"}, "missing_lines": [3], "excluded_lines": [5, 6], "executed_branches": [], "missing_branches": [], "functions": {"": {"executed_lines": [], "summary": {"covered_lines": 0, "num_statements": 1, "percent_covered": 0.0, "percent_covered_display": "0", "missing_lines": 1, "excluded_lines": 2, "percent_statements_covered": 0.0, "percent_statements_covered_display": "0", "num_branches": 0, "num_partial_branches": 0, "covered_branches": 0, "missing_branches": 0, "percent_branches_covered": 100.0, "percent_branches_covered_display": "100"}, "missing_lines": [3], "excluded_lines": [5, 6], "start_line": 1, "executed_branches": [], "missing_branches": []}}, "classes": {"": {"executed_lines": [], "summary": {"covered_lines": 0, "num_statements": 1, "percent_covered": 0.0, "percent_covered_display": "0", "missing_lines": 1, "excluded_lines": 2, "percent_statements_covered": 0.0, "percent_statements_covered_display": "0", "num_branches": 0, "num_partial_branches": 0, "covered_branches": 0, "missing_branches": 0, "percent_branches_covered": 100.0, "percent_branches_covered_display": "100"}, "missing_lines": [3], "excluded_lines": [5, 6], "start_line": 1, "executed_branches": [], "missing_branches": []}}}, "src/sentinel/baseline.py": {"executed_lines": [3, 5, 6, 7, 8, 9, 10, 12, 14, 15, 22, 29, 31, 32, 35, 36, 37, 38, 39, 40, 41, 44, 47, 48, 49, 52, 53, 54, 55, 56, 57, 58, 59, 66, 68, 69, 73, 74, 75, 76, 77, 84, 85, 86, 88, 89, 98, 101, 102, 103, 104, 108, 109, 117, 126, 127, 128, 129, 130, 131, 139, 140, 141, 142, 143, 146, 149, 150, 151, 154, 155, 156, 157, 158, 159, 160, 165, 166, 168, 170, 174, 175, 176, 181, 182, 183, 189, 190, 191, 192, 193, 194, 195, 197, 198, 201, 202, 203, 204, 205, 206, 209, 211, 212, 213, 214, 215, 216, 217, 218, 219, 220, 221, 225, 226, 229, 231, 232, 233, 234, 236, 237, 238, 239, 240, 241, 243, 244, 247, 248, 249, 250, 251, 252, 253, 254, 262, 263, 264, 265, 284, 287, 288, 289, 290, 291, 292, 293, 294, 295, 296, 297, 298, 299, 302, 303], "summary": {"covered_lines": 156, "num_statements": 189, "percent_covered": 80.1556420233463, "percent_covered_display": "80", "missing_lines": 33, "excluded_lines": 2, "percent_statements_covered": 82.53968253968254, "percent_statements_covered_display": "83", "num_branches": 68, "num_partial_branches": 14, "covered_branches": 50, "missing_branches": 18, "percent_branches_covered": 73.52941176470588, "percent_branches_covered_display": "74"}, "missing_lines": [50, 51, 60, 61, 62, 63, 64, 65, 67, 70, 78, 79, 80, 81, 87, 167, 169, 196, 199, 200, 235, 242, 245, 246, 268, 269, 270, 271, 276, 277, 282, 283, 301], "excluded_lines": [137, 138], "executed_branches": [[52, 53], [52, 54], [54, 55], [54, 56], [66, 68], [69, 73], [84, 85], [84, 86], [86, 88], [128, 129], [128, 130], [140, 141], [140, 143], [156, -154], [156, 157], [159, 156], [159, 160], [166, 168], [168, 170], [170, 174], [170, 175], [175, -165], [175, 176], [195, 197], [197, 198], [197, 205], [198, 201], [211, 212], [211, 213], [216, 217], [216, 226], [218, 216], [218, 219], [220, 221], [220, 225], [232, 233], [232, 234], [234, 236], [241, 243], [243, 244], [243, 263], [244, 247], [250, 251], [250, 252], [253, 254], [265, 284], [292, 293], [294, 295], [294, 302], [295, 296]], "missing_branches": [[66, 67], [69, 70], [86, 87], [166, 167], [168, 169], [195, 196], [198, 199], [234, 235], [241, 242], [244, 245], [253, 262], [265, 268], [271, 276], [271, 282], [276, 277], [276, 282], [292, 303], [295, 301]], "functions": {"load_baseline": {"executed_lines": [47, 48, 49, 52, 53, 54, 55, 56, 57, 58, 59, 66, 68, 69, 73, 74, 75, 76, 77, 84, 85, 86, 88, 89], "summary": {"covered_lines": 24, "num_statements": 39, "percent_covered": 64.70588235294117, "percent_covered_display": "65", "missing_lines": 15, "excluded_lines": 0, "percent_statements_covered": 61.53846153846154, "percent_statements_covered_display": "62", "num_branches": 12, "num_partial_branches": 3, "covered_branches": 9, "missing_branches": 3, "percent_branches_covered": 75.0, "percent_branches_covered_display": "75"}, "missing_lines": [50, 51, 60, 61, 62, 63, 64, 65, 67, 70, 78, 79, 80, 81, 87], "excluded_lines": [], "start_line": 44, "executed_branches": [[52, 53], [52, 54], [54, 55], [54, 56], [66, 68], [69, 73], [84, 85], [84, 86], [86, 88]], "missing_branches": [[66, 67], [69, 70], [86, 87]]}, "annotate_report": {"executed_lines": [101, 102, 103, 104, 108, 109, 117], "summary": {"covered_lines": 7, "num_statements": 7, "percent_covered": 100.0, "percent_covered_display": "100", "missing_lines": 0, "excluded_lines": 0, "percent_statements_covered": 100.0, "percent_statements_covered_display": "100", "num_branches": 0, "num_partial_branches": 0, "covered_branches": 0, "missing_branches": 0, "percent_branches_covered": 100.0, "percent_branches_covered_display": "100"}, "missing_lines": [], "excluded_lines": [], "start_line": 98, "executed_branches": [], "missing_branches": []}, "finding_identity": {"executed_lines": [127, 128, 129, 130, 131, 139, 140, 141, 142, 143, 146], "summary": {"covered_lines": 11, "num_statements": 11, "percent_covered": 100.0, "percent_covered_display": "100", "missing_lines": 0, "excluded_lines": 2, "percent_statements_covered": 100.0, "percent_statements_covered_display": "100", "num_branches": 4, "num_partial_branches": 0, "covered_branches": 4, "missing_branches": 0, "percent_branches_covered": 100.0, "percent_branches_covered_display": "100"}, "missing_lines": [], "excluded_lines": [137, 138], "start_line": 126, "executed_branches": [[128, 129], [128, 130], [140, 141], [140, 143]], "missing_branches": []}, "_identity_set": {"executed_lines": [150, 151], "summary": {"covered_lines": 2, "num_statements": 2, "percent_covered": 100.0, "percent_covered_display": "100", "missing_lines": 0, "excluded_lines": 0, "percent_statements_covered": 100.0, "percent_statements_covered_display": "100", "num_branches": 0, "num_partial_branches": 0, "covered_branches": 0, "missing_branches": 0, "percent_branches_covered": 100.0, "percent_branches_covered_display": "100"}, "missing_lines": [], "excluded_lines": [], "start_line": 149, "executed_branches": [], "missing_branches": []}, "_validate_duplicate_evidence": {"executed_lines": [155, 156, 157, 158, 159, 160], "summary": {"covered_lines": 6, "num_statements": 6, "percent_covered": 100.0, "percent_covered_display": "100", "missing_lines": 0, "excluded_lines": 0, "percent_statements_covered": 100.0, "percent_statements_covered_display": "100", "num_branches": 4, "num_partial_branches": 0, "covered_branches": 4, "missing_branches": 0, "percent_branches_covered": 100.0, "percent_branches_covered_display": "100"}, "missing_lines": [], "excluded_lines": [], "start_line": 154, "executed_branches": [[156, -154], [156, 157], [159, 156], [159, 160]], "missing_branches": []}, "_validate_compatibility": {"executed_lines": [166, 168, 170, 174, 175, 176], "summary": {"covered_lines": 6, "num_statements": 8, "percent_covered": 75.0, "percent_covered_display": "75", "missing_lines": 2, "excluded_lines": 0, "percent_statements_covered": 75.0, "percent_statements_covered_display": "75", "num_branches": 8, "num_partial_branches": 2, "covered_branches": 6, "missing_branches": 2, "percent_branches_covered": 75.0, "percent_branches_covered_display": "75"}, "missing_lines": [167, 169], "excluded_lines": [], "start_line": 165, "executed_branches": [[166, 168], [168, 170], [170, 174], [170, 175], [175, -165], [175, 176]], "missing_branches": [[166, 167], [168, 169]]}, "_static_only": {"executed_lines": [182, 183], "summary": {"covered_lines": 2, "num_statements": 2, "percent_covered": 100.0, "percent_covered_display": "100", "missing_lines": 0, "excluded_lines": 0, "percent_statements_covered": 100.0, "percent_statements_covered_display": "100", "num_branches": 0, "num_partial_branches": 0, "covered_branches": 0, "missing_branches": 0, "percent_branches_covered": 100.0, "percent_branches_covered_display": "100"}, "missing_lines": [], "excluded_lines": [], "start_line": 181, "executed_branches": [], "missing_branches": []}, "_migrate_13": {"executed_lines": [190, 191, 192, 193, 194, 195, 197, 198, 201, 202, 203, 204, 205, 206], "summary": {"covered_lines": 14, "num_statements": 17, "percent_covered": 78.26086956521739, "percent_covered_display": "78", "missing_lines": 3, "excluded_lines": 0, "percent_statements_covered": 82.3529411764706, "percent_statements_covered_display": "82", "num_branches": 6, "num_partial_branches": 2, "covered_branches": 4, "missing_branches": 2, "percent_branches_covered": 66.66666666666667, "percent_branches_covered_display": "67"}, "missing_lines": [196, 199, 200], "excluded_lines": [], "start_line": 189, "executed_branches": [[195, 197], [197, 198], [197, 205], [198, 201]], "missing_branches": [[195, 196], [198, 199]]}, "migrate_report_data": {"executed_lines": [211, 212, 213, 214, 215, 216, 217, 218, 219, 220, 221, 225, 226], "summary": {"covered_lines": 13, "num_statements": 13, "percent_covered": 100.0, "percent_covered_display": "100", "missing_lines": 0, "excluded_lines": 0, "percent_statements_covered": 100.0, "percent_statements_covered_display": "100", "num_branches": 8, "num_partial_branches": 0, "covered_branches": 8, "missing_branches": 0, "percent_branches_covered": 100.0, "percent_branches_covered_display": "100"}, "missing_lines": [], "excluded_lines": [], "start_line": 209, "executed_branches": [[211, 212], [211, 213], [216, 217], [216, 226], [218, 216], [218, 219], [220, 221], [220, 225]], "missing_branches": []}, "_migrate_to_15": {"executed_lines": [231, 232, 233, 234, 236, 237, 238, 239, 240, 241, 243, 244, 247, 248, 249, 250, 251, 252, 253, 254, 262, 263, 264, 265, 284], "summary": {"covered_lines": 25, "num_statements": 37, "percent_covered": 63.1578947368421, "percent_covered_display": "63", "missing_lines": 12, "excluded_lines": 0, "percent_statements_covered": 67.56756756756756, "percent_statements_covered_display": "68", "num_branches": 20, "num_partial_branches": 5, "covered_branches": 11, "missing_branches": 9, "percent_branches_covered": 55.0, "percent_branches_covered_display": "55"}, "missing_lines": [235, 242, 245, 246, 268, 269, 270, 271, 276, 277, 282, 283], "excluded_lines": [], "start_line": 229, "executed_branches": [[232, 233], [232, 234], [234, 236], [241, 243], [243, 244], [243, 263], [244, 247], [250, 251], [250, 252], [253, 254], [265, 284]], "missing_branches": [[234, 235], [241, 242], [244, 245], [253, 262], [265, 268], [271, 276], [271, 282], [276, 277], [276, 282]]}, "_model_input": {"executed_lines": [288, 289, 290, 291, 292, 293, 294, 295, 296, 297, 298, 299, 302, 303], "summary": {"covered_lines": 14, "num_statements": 15, "percent_covered": 85.71428571428571, "percent_covered_display": "86", "missing_lines": 1, "excluded_lines": 0, "percent_statements_covered": 93.33333333333333, "percent_statements_covered_display": "93", "num_branches": 6, "num_partial_branches": 2, "covered_branches": 4, "missing_branches": 2, "percent_branches_covered": 66.66666666666667, "percent_branches_covered_display": "67"}, "missing_lines": [301], "excluded_lines": [], "start_line": 287, "executed_branches": [[292, 293], [294, 295], [294, 302], [295, 296]], "missing_branches": [[292, 303], [295, 301]]}, "": {"executed_lines": [3, 5, 6, 7, 8, 9, 10, 12, 14, 15, 22, 29, 31, 32, 35, 36, 37, 38, 39, 40, 41, 44, 98, 126, 149, 154, 165, 181, 189, 209, 229, 287], "summary": {"covered_lines": 32, "num_statements": 32, "percent_covered": 100.0, "percent_covered_display": "100", "missing_lines": 0, "excluded_lines": 0, "percent_statements_covered": 100.0, "percent_statements_covered_display": "100", "num_branches": 0, "num_partial_branches": 0, "covered_branches": 0, "missing_branches": 0, "percent_branches_covered": 100.0, "percent_branches_covered_display": "100"}, "missing_lines": [], "excluded_lines": [], "start_line": 1, "executed_branches": [], "missing_branches": []}}, "classes": {"LoadedBaseline": {"executed_lines": [], "summary": {"covered_lines": 0, "num_statements": 0, "percent_covered": 100.0, "percent_covered_display": "100", "missing_lines": 0, "excluded_lines": 0, "percent_statements_covered": 100.0, "percent_statements_covered_display": "100", "num_branches": 0, "num_partial_branches": 0, "covered_branches": 0, "missing_branches": 0, "percent_branches_covered": 100.0, "percent_branches_covered_display": "100"}, "missing_lines": [], "excluded_lines": [], "start_line": 36, "executed_branches": [], "missing_branches": []}, "": {"executed_lines": [3, 5, 6, 7, 8, 9, 10, 12, 14, 15, 22, 29, 31, 32, 35, 36, 37, 38, 39, 40, 41, 44, 47, 48, 49, 52, 53, 54, 55, 56, 57, 58, 59, 66, 68, 69, 73, 74, 75, 76, 77, 84, 85, 86, 88, 89, 98, 101, 102, 103, 104, 108, 109, 117, 126, 127, 128, 129, 130, 131, 139, 140, 141, 142, 143, 146, 149, 150, 151, 154, 155, 156, 157, 158, 159, 160, 165, 166, 168, 170, 174, 175, 176, 181, 182, 183, 189, 190, 191, 192, 193, 194, 195, 197, 198, 201, 202, 203, 204, 205, 206, 209, 211, 212, 213, 214, 215, 216, 217, 218, 219, 220, 221, 225, 226, 229, 231, 232, 233, 234, 236, 237, 238, 239, 240, 241, 243, 244, 247, 248, 249, 250, 251, 252, 253, 254, 262, 263, 264, 265, 284, 287, 288, 289, 290, 291, 292, 293, 294, 295, 296, 297, 298, 299, 302, 303], "summary": {"covered_lines": 156, "num_statements": 189, "percent_covered": 80.1556420233463, "percent_covered_display": "80", "missing_lines": 33, "excluded_lines": 2, "percent_statements_covered": 82.53968253968254, "percent_statements_covered_display": "83", "num_branches": 68, "num_partial_branches": 14, "covered_branches": 50, "missing_branches": 18, "percent_branches_covered": 73.52941176470588, "percent_branches_covered_display": "74"}, "missing_lines": [50, 51, 60, 61, 62, 63, 64, 65, 67, 70, 78, 79, 80, 81, 87, 167, 169, 196, 199, 200, 235, 242, 245, 246, 268, 269, 270, 271, 276, 277, 282, 283, 301], "excluded_lines": [137, 138], "start_line": 1, "executed_branches": [[52, 53], [52, 54], [54, 55], [54, 56], [66, 68], [69, 73], [84, 85], [84, 86], [86, 88], [128, 129], [128, 130], [140, 141], [140, 143], [156, -154], [156, 157], [159, 156], [159, 160], [166, 168], [168, 170], [170, 174], [170, 175], [175, -165], [175, 176], [195, 197], [197, 198], [197, 205], [198, 201], [211, 212], [211, 213], [216, 217], [216, 226], [218, 216], [218, 219], [220, 221], [220, 225], [232, 233], [232, 234], [234, 236], [241, 243], [243, 244], [243, 263], [244, 247], [250, 251], [250, 252], [253, 254], [265, 284], [292, 293], [294, 295], [294, 302], [295, 296]], "missing_branches": [[66, 67], [69, 70], [86, 87], [166, 167], [168, 169], [195, 196], [198, 199], [234, 235], [241, 242], [244, 245], [253, 262], [265, 268], [271, 276], [271, 282], [276, 277], [276, 282], [292, 303], [295, 301]]}}}, "src/sentinel/cli.py": {"executed_lines": [3, 5, 6, 7, 8, 9, 10, 11, 12, 13, 14, 15, 16, 18, 20, 21, 22, 23, 29, 30, 31, 32, 33, 34, 35, 36, 38, 46, 47, 48, 51, 52, 53, 54, 57, 58, 71, 72, 75, 76, 118, 119, 120, 121, 122, 123, 124, 125, 126, 132, 144, 145, 146, 147, 152, 160, 166, 167, 176, 177, 180, 185, 186, 187, 188, 189, 190, 191, 192, 193, 194, 195, 196, 197, 198, 199, 200, 201, 202, 204, 205, 208, 209, 221, 222, 223, 224, 225, 226, 227, 228, 229, 230, 235, 236, 237, 238, 239, 240, 241, 244, 245, 246, 247, 248, 249, 251, 252, 255, 256, 277, 278, 279, 280, 281, 284, 285, 290, 299, 301, 305, 306, 307, 308, 309, 310, 311, 312, 313, 314, 315, 316, 317, 338, 339, 340, 343, 346, 347, 348, 351, 352, 353, 355, 358, 365, 366, 367, 368, 369, 370, 371, 372, 376, 379, 380, 385, 386, 387, 388, 389, 393, 394, 395, 396, 397, 398, 399, 400, 401, 404, 405, 406, 407, 408, 409, 410, 412, 419, 420, 422, 423, 428, 431, 432, 433, 434, 435, 436, 437, 438, 439, 440, 446, 447, 449, 450, 451, 452, 453, 454, 455, 458, 459, 460, 461, 462, 463, 465, 466], "summary": {"covered_lines": 210, "num_statements": 242, "percent_covered": 85.57046979865771, "percent_covered_display": "86", "missing_lines": 32, "excluded_lines": 0, "percent_statements_covered": 86.77685950413223, "percent_statements_covered_display": "87", "num_branches": 56, "num_partial_branches": 9, "covered_branches": 45, "missing_branches": 11, "percent_branches_covered": 80.35714285714286, "percent_branches_covered_display": "80"}, "missing_lines": [181, 242, 243, 300, 318, 319, 320, 321, 322, 323, 324, 325, 326, 327, 328, 329, 330, 331, 332, 334, 335, 354, 373, 390, 413, 414, 415, 416, 421, 424, 425, 448], "excluded_lines": [], "executed_branches": [[52, -51], [52, 53], [122, 123], [122, 126], [124, 125], [176, 177], [176, 180], [180, 185], [201, 202], [201, 204], [224, 225], [224, 226], [226, 227], [226, 228], [229, -208], [229, 230], [248, 249], [248, 251], [299, 301], [346, 347], [346, 348], [353, 355], [365, 366], [365, 367], [367, 368], [367, 369], [369, 370], [379, -376], [379, 380], [386, 387], [386, 388], [388, 389], [394, 395], [394, 397], [398, 399], [398, 400], [420, 422], [437, 438], [439, 440], [439, 447], [447, 449], [460, -458], [460, 461], [462, 463], [462, 465]], "missing_branches": [[124, 126], [180, 181], [299, 300], [331, 332], [331, 334], [353, 354], [369, 373], [388, 390], [420, 421], [437, 439], [447, 448]], "functions": {"CliState.__init__": {"executed_lines": [48], "summary": {"covered_lines": 1, "num_statements": 1, "percent_covered": 100.0, "percent_covered_display": "100", "missing_lines": 0, "excluded_lines": 0, "percent_statements_covered": 100.0, "percent_statements_covered_display": "100", "num_branches": 0, "num_partial_branches": 0, "covered_branches": 0, "missing_branches": 0, "percent_branches_covered": 100.0, "percent_branches_covered_display": "100"}, "missing_lines": [], "excluded_lines": [], "start_line": 47, "executed_branches": [], "missing_branches": []}, "version_callback": {"executed_lines": [52, 53, 54], "summary": {"covered_lines": 3, "num_statements": 3, "percent_covered": 100.0, "percent_covered_display": "100", "missing_lines": 0, "excluded_lines": 0, "percent_statements_covered": 100.0, "percent_statements_covered_display": "100", "num_branches": 2, "num_partial_branches": 0, "covered_branches": 2, "missing_branches": 0, "percent_branches_covered": 100.0, "percent_branches_covered_display": "100"}, "missing_lines": [], "excluded_lines": [], "start_line": 51, "executed_branches": [[52, -51], [52, 53]], "missing_branches": []}, "main": {"executed_lines": [71, 72], "summary": {"covered_lines": 2, "num_statements": 2, "percent_covered": 100.0, "percent_covered_display": "100", "missing_lines": 0, "excluded_lines": 0, "percent_statements_covered": 100.0, "percent_statements_covered_display": "100", "num_branches": 0, "num_partial_branches": 0, "covered_branches": 0, "missing_branches": 0, "percent_branches_covered": 100.0, "percent_branches_covered_display": "100"}, "missing_lines": [], "excluded_lines": [], "start_line": 58, "executed_branches": [], "missing_branches": []}, "scan": {"executed_lines": [118, 119, 120, 121, 122, 123, 124, 125, 126, 132, 144, 145, 146, 147, 152, 160, 166, 167, 176, 177, 180, 185, 186, 187, 188, 189, 190, 191, 192, 193, 194, 195, 196, 197, 198, 199, 200, 201, 202, 204, 205], "summary": {"covered_lines": 41, "num_statements": 42, "percent_covered": 94.23076923076923, "percent_covered_display": "94", "missing_lines": 1, "excluded_lines": 0, "percent_statements_covered": 97.61904761904762, "percent_statements_covered_display": "98", "num_branches": 10, "num_partial_branches": 2, "covered_branches": 8, "missing_branches": 2, "percent_branches_covered": 80.0, "percent_branches_covered_display": "80"}, "missing_lines": [181], "excluded_lines": [], "start_line": 76, "executed_branches": [[122, 123], [122, 126], [124, 125], [176, 177], [176, 180], [180, 185], [201, 202], [201, 204]], "missing_branches": [[124, 126], [180, 181]]}, "init_command": {"executed_lines": [221, 222, 223, 224, 225, 226, 227, 228, 229, 230, 235, 236, 237, 238, 239, 240, 241, 244, 245, 246, 247, 248, 249, 251, 252], "summary": {"covered_lines": 25, "num_statements": 27, "percent_covered": 94.28571428571429, "percent_covered_display": "94", "missing_lines": 2, "excluded_lines": 0, "percent_statements_covered": 92.5925925925926, "percent_statements_covered_display": "93", "num_branches": 8, "num_partial_branches": 0, "covered_branches": 8, "missing_branches": 0, "percent_branches_covered": 100.0, "percent_branches_covered_display": "100"}, "missing_lines": [242, 243], "excluded_lines": [], "start_line": 209, "executed_branches": [[224, 225], [224, 226], [226, 227], [226, 228], [229, -208], [229, 230], [248, 249], [248, 251]], "missing_branches": []}, "demo": {"executed_lines": [277, 278, 279, 280, 281, 284, 285, 290, 299, 301, 305, 306, 307, 308, 309, 310, 311, 312, 313, 314, 315, 316, 317], "summary": {"covered_lines": 23, "num_statements": 41, "percent_covered": 53.333333333333336, "percent_covered_display": "53", "missing_lines": 18, "excluded_lines": 0, "percent_statements_covered": 56.09756097560975, "percent_statements_covered_display": "56", "num_branches": 4, "num_partial_branches": 1, "covered_branches": 1, "missing_branches": 3, "percent_branches_covered": 25.0, "percent_branches_covered_display": "25"}, "missing_lines": [300, 318, 319, 320, 321, 322, 323, 324, 325, 326, 327, 328, 329, 330, 331, 332, 334, 335], "excluded_lines": [], "start_line": 256, "executed_branches": [[299, 301]], "missing_branches": [[299, 300], [331, 332], [331, 334]]}, "_state": {"executed_lines": [339, 340], "summary": {"covered_lines": 2, "num_statements": 2, "percent_covered": 100.0, "percent_covered_display": "100", "missing_lines": 0, "excluded_lines": 0, "percent_statements_covered": 100.0, "percent_statements_covered_display": "100", "num_branches": 0, "num_partial_branches": 0, "covered_branches": 0, "missing_branches": 0, "percent_branches_covered": 100.0, "percent_branches_covered_display": "100"}, "missing_lines": [], "excluded_lines": [], "start_line": 338, "executed_branches": [], "missing_branches": []}, "_select_format": {"executed_lines": [346, 347, 348], "summary": {"covered_lines": 3, "num_statements": 3, "percent_covered": 100.0, "percent_covered_display": "100", "missing_lines": 0, "excluded_lines": 0, "percent_statements_covered": 100.0, "percent_statements_covered_display": "100", "num_branches": 2, "num_partial_branches": 0, "covered_branches": 2, "missing_branches": 0, "percent_branches_covered": 100.0, "percent_branches_covered_display": "100"}, "missing_lines": [], "excluded_lines": [], "start_line": 343, "executed_branches": [[346, 347], [346, 348]], "missing_branches": []}, "_parse_rule_tokens": {"executed_lines": [352, 353, 355], "summary": {"covered_lines": 3, "num_statements": 4, "percent_covered": 66.66666666666667, "percent_covered_display": "67", "missing_lines": 1, "excluded_lines": 0, "percent_statements_covered": 75.0, "percent_statements_covered_display": "75", "num_branches": 2, "num_partial_branches": 1, "covered_branches": 1, "missing_branches": 1, "percent_branches_covered": 50.0, "percent_branches_covered_display": "50"}, "missing_lines": [354], "excluded_lines": [], "start_line": 351, "executed_branches": [[353, 355]], "missing_branches": [[353, 354]]}, "_render": {"executed_lines": [365, 366, 367, 368, 369, 370, 371, 372], "summary": {"covered_lines": 8, "num_statements": 9, "percent_covered": 86.66666666666667, "percent_covered_display": "87", "missing_lines": 1, "excluded_lines": 0, "percent_statements_covered": 88.88888888888889, "percent_statements_covered_display": "89", "num_branches": 6, "num_partial_branches": 1, "covered_branches": 5, "missing_branches": 1, "percent_branches_covered": 83.33333333333333, "percent_branches_covered_display": "83"}, "missing_lines": [373], "excluded_lines": [], "start_line": 358, "executed_branches": [[365, 366], [365, 367], [367, 368], [367, 369], [369, 370]], "missing_branches": [[369, 373]]}, "_validate_presentation_options": {"executed_lines": [379, 380], "summary": {"covered_lines": 2, "num_statements": 2, "percent_covered": 100.0, "percent_covered_display": "100", "missing_lines": 0, "excluded_lines": 0, "percent_statements_covered": 100.0, "percent_statements_covered_display": "100", "num_branches": 2, "num_partial_branches": 0, "covered_branches": 2, "missing_branches": 0, "percent_branches_covered": 100.0, "percent_branches_covered_display": "100"}, "missing_lines": [], "excluded_lines": [], "start_line": 376, "executed_branches": [[379, -376], [379, 380]], "missing_branches": []}, "_use_color": {"executed_lines": [386, 387, 388, 389], "summary": {"covered_lines": 4, "num_statements": 5, "percent_covered": 77.77777777777777, "percent_covered_display": "78", "missing_lines": 1, "excluded_lines": 0, "percent_statements_covered": 80.0, "percent_statements_covered_display": "80", "num_branches": 4, "num_partial_branches": 1, "covered_branches": 3, "missing_branches": 1, "percent_branches_covered": 75.0, "percent_branches_covered_display": "75"}, "missing_lines": [390], "excluded_lines": [], "start_line": 385, "executed_branches": [[386, 387], [386, 388], [388, 389]], "missing_branches": [[388, 390]]}, "_write_report": {"executed_lines": [394, 395, 396, 397, 398, 399, 400, 401, 404, 405, 406, 407, 408, 409, 410, 412], "summary": {"covered_lines": 16, "num_statements": 20, "percent_covered": 83.33333333333333, "percent_covered_display": "83", "missing_lines": 4, "excluded_lines": 0, "percent_statements_covered": 80.0, "percent_statements_covered_display": "80", "num_branches": 4, "num_partial_branches": 0, "covered_branches": 4, "missing_branches": 0, "percent_branches_covered": 100.0, "percent_branches_covered_display": "100"}, "missing_lines": [413, 414, 415, 416], "excluded_lines": [], "start_line": 393, "executed_branches": [[394, 395], [394, 397], [398, 399], [398, 400]], "missing_branches": []}, "_prepare_demo_output_dir": {"executed_lines": [420, 422, 423, 428], "summary": {"covered_lines": 4, "num_statements": 7, "percent_covered": 55.55555555555556, "percent_covered_display": "56", "missing_lines": 3, "excluded_lines": 0, "percent_statements_covered": 57.142857142857146, "percent_statements_covered_display": "57", "num_branches": 2, "num_partial_branches": 1, "covered_branches": 1, "missing_branches": 1, "percent_branches_covered": 50.0, "percent_branches_covered_display": "50"}, "missing_lines": [421, 424, 425], "excluded_lines": [], "start_line": 419, "executed_branches": [[420, 422]], "missing_branches": [[420, 421]]}, "_materialized_demo_resources": {"executed_lines": [433, 434, 435, 436, 437, 438, 439, 440, 446, 447, 449, 450, 451, 452, 453, 454, 455], "summary": {"covered_lines": 17, "num_statements": 18, "percent_covered": 87.5, "percent_covered_display": "88", "missing_lines": 1, "excluded_lines": 0, "percent_statements_covered": 94.44444444444444, "percent_statements_covered_display": "94", "num_branches": 6, "num_partial_branches": 2, "covered_branches": 4, "missing_branches": 2, "percent_branches_covered": 66.66666666666667, "percent_branches_covered_display": "67"}, "missing_lines": [448], "excluded_lines": [], "start_line": 432, "executed_branches": [[437, 438], [439, 440], [439, 447], [447, 449]], "missing_branches": [[437, 439], [447, 448]]}, "_copy_resource_tree": {"executed_lines": [459, 460, 461, 462, 463, 465, 466], "summary": {"covered_lines": 7, "num_statements": 7, "percent_covered": 100.0, "percent_covered_display": "100", "missing_lines": 0, "excluded_lines": 0, "percent_statements_covered": 100.0, "percent_statements_covered_display": "100", "num_branches": 4, "num_partial_branches": 0, "covered_branches": 4, "missing_branches": 0, "percent_branches_covered": 100.0, "percent_branches_covered_display": "100"}, "missing_lines": [], "excluded_lines": [], "start_line": 458, "executed_branches": [[460, -458], [460, 461], [462, 463], [462, 465]], "missing_branches": []}, "": {"executed_lines": [3, 5, 6, 7, 8, 9, 10, 11, 12, 13, 14, 15, 16, 18, 20, 21, 22, 23, 29, 30, 31, 32, 33, 34, 35, 36, 38, 46, 47, 51, 57, 58, 75, 76, 208, 209, 255, 256, 338, 343, 351, 358, 376, 385, 393, 419, 431, 432, 458], "summary": {"covered_lines": 49, "num_statements": 49, "percent_covered": 100.0, "percent_covered_display": "100", "missing_lines": 0, "excluded_lines": 0, "percent_statements_covered": 100.0, "percent_statements_covered_display": "100", "num_branches": 0, "num_partial_branches": 0, "covered_branches": 0, "missing_branches": 0, "percent_branches_covered": 100.0, "percent_branches_covered_display": "100"}, "missing_lines": [], "excluded_lines": [], "start_line": 1, "executed_branches": [], "missing_branches": []}}, "classes": {"CliState": {"executed_lines": [48], "summary": {"covered_lines": 1, "num_statements": 1, "percent_covered": 100.0, "percent_covered_display": "100", "missing_lines": 0, "excluded_lines": 0, "percent_statements_covered": 100.0, "percent_statements_covered_display": "100", "num_branches": 0, "num_partial_branches": 0, "covered_branches": 0, "missing_branches": 0, "percent_branches_covered": 100.0, "percent_branches_covered_display": "100"}, "missing_lines": [], "excluded_lines": [], "start_line": 46, "executed_branches": [], "missing_branches": []}, "": {"executed_lines": [3, 5, 6, 7, 8, 9, 10, 11, 12, 13, 14, 15, 16, 18, 20, 21, 22, 23, 29, 30, 31, 32, 33, 34, 35, 36, 38, 46, 47, 51, 52, 53, 54, 57, 58, 71, 72, 75, 76, 118, 119, 120, 121, 122, 123, 124, 125, 126, 132, 144, 145, 146, 147, 152, 160, 166, 167, 176, 177, 180, 185, 186, 187, 188, 189, 190, 191, 192, 193, 194, 195, 196, 197, 198, 199, 200, 201, 202, 204, 205, 208, 209, 221, 222, 223, 224, 225, 226, 227, 228, 229, 230, 235, 236, 237, 238, 239, 240, 241, 244, 245, 246, 247, 248, 249, 251, 252, 255, 256, 277, 278, 279, 280, 281, 284, 285, 290, 299, 301, 305, 306, 307, 308, 309, 310, 311, 312, 313, 314, 315, 316, 317, 338, 339, 340, 343, 346, 347, 348, 351, 352, 353, 355, 358, 365, 366, 367, 368, 369, 370, 371, 372, 376, 379, 380, 385, 386, 387, 388, 389, 393, 394, 395, 396, 397, 398, 399, 400, 401, 404, 405, 406, 407, 408, 409, 410, 412, 419, 420, 422, 423, 428, 431, 432, 433, 434, 435, 436, 437, 438, 439, 440, 446, 447, 449, 450, 451, 452, 453, 454, 455, 458, 459, 460, 461, 462, 463, 465, 466], "summary": {"covered_lines": 209, "num_statements": 241, "percent_covered": 85.52188552188552, "percent_covered_display": "86", "missing_lines": 32, "excluded_lines": 0, "percent_statements_covered": 86.72199170124482, "percent_statements_covered_display": "87", "num_branches": 56, "num_partial_branches": 9, "covered_branches": 45, "missing_branches": 11, "percent_branches_covered": 80.35714285714286, "percent_branches_covered_display": "80"}, "missing_lines": [181, 242, 243, 300, 318, 319, 320, 321, 322, 323, 324, 325, 326, 327, 328, 329, 330, 331, 332, 334, 335, 354, 373, 390, 413, 414, 415, 416, 421, 424, 425, 448], "excluded_lines": [], "start_line": 1, "executed_branches": [[52, -51], [52, 53], [122, 123], [122, 126], [124, 125], [176, 177], [176, 180], [180, 185], [201, 202], [201, 204], [224, 225], [224, 226], [226, 227], [226, 228], [229, -208], [229, 230], [248, 249], [248, 251], [299, 301], [346, 347], [346, 348], [353, 355], [365, 366], [365, 367], [367, 368], [367, 369], [369, 370], [379, -376], [379, 380], [386, 387], [386, 388], [388, 389], [394, 395], [394, 397], [398, 399], [398, 400], [420, 422], [437, 438], [439, 440], [439, 447], [447, 449], [460, -458], [460, 461], [462, 463], [462, 465]], "missing_branches": [[124, 126], [180, 181], [299, 300], [331, 332], [331, 334], [353, 354], [369, 373], [388, 390], [420, 421], [437, 439], [447, 448]]}}}, "src/sentinel/config.py": {"executed_lines": [3, 5, 6, 7, 8, 9, 10, 11, 12, 13, 14, 15, 16, 18, 19, 20, 21, 22, 24, 25, 26, 27, 29, 30, 34, 35, 42, 43, 55, 67, 72, 73, 74, 75, 78, 79, 80, 81, 82, 83, 86, 87, 88, 91, 92, 93, 96, 97, 98, 99, 102, 103, 104, 105, 106, 107, 108, 109, 111, 112, 113, 114, 116, 117, 118, 119, 120, 121, 122, 123, 124, 125, 127, 128, 129, 130, 131, 132, 134, 135, 136, 140, 141, 142, 143, 144, 145, 146, 147, 149, 150, 151, 152, 154, 155, 156, 157, 161, 163, 164, 165, 166, 167, 168, 170, 171, 172, 173, 174, 177, 178, 179, 181, 182, 183, 185, 186, 187, 193, 194, 195, 198, 199, 204, 205, 206, 209, 210, 211, 220, 221, 222, 223, 225, 226, 227, 228, 230, 231, 232, 233, 234, 235, 237, 238, 239, 240, 241, 242, 245, 246, 248, 249, 250, 251, 254, 255, 257, 258, 259, 260, 262, 263, 264, 265, 266, 267, 268, 271, 272, 274, 275, 276, 277, 279, 280, 281, 282, 283, 284, 287, 290, 291, 296, 301, 308, 309, 310, 311, 312, 315, 317, 318, 319, 320, 321, 322, 323, 324, 325, 327, 328, 329, 330, 331, 332, 333, 334, 335, 338, 339, 340, 341, 342, 343, 344, 345, 346, 347, 349, 350, 351, 352, 354, 355, 359, 360, 362, 363, 364, 365, 367, 368, 369, 370, 372, 373, 375, 376, 377, 380, 381, 382, 384, 385, 386, 388, 389, 390, 391, 392, 393, 394, 395, 398, 399, 400, 401, 402, 403, 404, 407, 424, 429, 435, 438, 450, 451, 452, 453, 454, 458, 466, 467, 468, 469, 470, 471, 472, 473, 479, 480, 481, 482, 484, 485, 486, 487, 488, 489, 490, 491, 492, 497, 498, 499, 500, 501, 507, 508, 512, 513, 515, 516, 519, 520, 524, 525, 530, 531, 532, 536, 537, 538, 540, 541, 550, 555, 556, 557, 558, 559, 562, 563, 565, 575, 576, 577, 578, 579, 580, 582, 585, 586, 587, 588, 589, 590, 591, 592, 593, 594, 596, 597, 598, 601, 603, 606, 607, 608, 609, 610, 611, 612, 613, 618, 619, 620, 622, 623, 624, 625, 629, 630, 633, 634, 635, 637, 638, 642, 643, 644, 647, 649, 652, 653, 655, 656, 659, 661, 664, 665, 666, 667, 670, 671, 674, 677, 678, 679, 680, 681, 683, 684, 685, 686, 687, 688, 689, 690, 693, 694, 695, 696, 697, 699, 700, 701, 703, 704, 707, 708, 709, 710, 711, 712, 713, 714, 715, 718, 721, 722, 723, 725, 726, 727, 728, 731, 732, 733, 734, 735, 736, 739, 742, 743, 744, 745, 750, 751, 752, 755, 756, 757, 760, 761, 762, 763, 764, 765, 766, 767, 769, 770, 771, 772, 773, 775, 776, 777, 778, 779, 782, 785, 786, 789, 790, 791, 792, 793, 794, 797, 798, 803, 806, 807, 808, 809, 810, 811, 812, 813, 820, 821, 823, 824, 825, 828, 829, 832, 833, 834, 837, 839, 840, 843, 846, 847, 848, 849, 852, 853, 854, 859, 863, 864, 865, 869, 871, 872, 873, 875, 884, 885, 886, 887, 888, 889, 891, 892, 893, 900, 904, 906, 909, 910, 911, 913, 914, 917, 918, 919, 920, 921, 927, 928, 930, 931, 932, 935, 936, 937, 938, 939, 940, 941, 942, 943, 946, 947, 949, 950, 951, 952, 955, 958, 960, 961, 966, 972, 973, 976, 977, 980, 981, 982, 983, 984, 991, 992, 993, 994, 995, 997, 998, 1000, 1009, 1011, 1012, 1013, 1014, 1016, 1017, 1021, 1024, 1025, 1026, 1027, 1028, 1029, 1030, 1031, 1032, 1035, 1036, 1038, 1039, 1040, 1041, 1042, 1043, 1044, 1045, 1050, 1052, 1055, 1066, 1067, 1068, 1069, 1071, 1072, 1073, 1074, 1075, 1078, 1079, 1082, 1086], "summary": {"covered_lines": 619, "num_statements": 699, "percent_covered": 86.19979402677652, "percent_covered_display": "86", "missing_lines": 80, "excluded_lines": 2, "percent_statements_covered": 88.55507868383405, "percent_statements_covered_display": "89", "num_branches": 272, "num_partial_branches": 44, "covered_branches": 218, "missing_branches": 54, "percent_branches_covered": 80.1470588235294, "percent_branches_covered_display": "80"}, "missing_lines": [137, 158, 207, 212, 213, 214, 215, 216, 217, 326, 353, 356, 371, 383, 539, 581, 595, 599, 600, 602, 614, 615, 621, 626, 636, 639, 645, 646, 648, 654, 657, 658, 660, 668, 691, 692, 702, 724, 758, 759, 768, 774, 795, 796, 802, 822, 835, 836, 838, 841, 842, 874, 890, 894, 895, 897, 901, 912, 922, 929, 948, 967, 996, 999, 1001, 1002, 1003, 1004, 1007, 1008, 1010, 1015, 1020, 1058, 1059, 1060, 1063, 1070, 1083, 1087], "excluded_lines": [31, 32], "executed_branches": [[119, 120], [119, 125], [120, 121], [120, 122], [123, 119], [123, 124], [130, 131], [130, 132], [157, 161], [166, 167], [172, 173], [172, 177], [173, 174], [173, 179], [177, 178], [177, 179], [233, 234], [233, 235], [240, 241], [240, 242], [265, 266], [265, 268], [266, 265], [266, 267], [282, 283], [282, 287], [283, 282], [283, 284], [319, 320], [319, 330], [322, 323], [322, 324], [324, 325], [324, 328], [325, 327], [328, 319], [328, 329], [334, -315], [334, 335], [352, 354], [354, 355], [354, 360], [355, 359], [370, 372], [380, 381], [380, 382], [382, 384], [390, 391], [390, 393], [393, 394], [393, 395], [471, 472], [471, 484], [507, 508], [507, 512], [512, 513], [512, 515], [519, 520], [519, 524], [524, 525], [524, 530], [531, 532], [531, 565], [536, 537], [536, 540], [538, 555], [540, 541], [540, 550], [576, 577], [576, 578], [578, 579], [578, 580], [580, 582], [592, 593], [592, 596], [594, 592], [601, 603], [608, 609], [608, 622], [611, 612], [611, 622], [618, 619], [619, 620], [623, 624], [623, 630], [625, 629], [634, 635], [634, 638], [635, 637], [638, 642], [647, 649], [653, 655], [659, 661], [666, 667], [666, 671], [667, 670], [678, 679], [678, 704], [679, 680], [679, 681], [683, 684], [683, 688], [685, 686], [685, 687], [688, 689], [688, 693], [693, 694], [693, 699], [695, 696], [695, 697], [701, 703], [710, 711], [710, 712], [712, 713], [712, 715], [713, 712], [713, 714], [723, 725], [725, 726], [725, 728], [726, 725], [726, 727], [733, 734], [733, 735], [735, 736], [735, 739], [743, -742], [743, 744], [744, 743], [744, 745], [751, 752], [751, 755], [760, 761], [760, 762], [762, 763], [762, 764], [764, 765], [764, 766], [767, 769], [769, 770], [769, 771], [771, 772], [771, 773], [773, 775], [777, 778], [777, 779], [798, 803], [807, 808], [807, 809], [821, 823], [837, 839], [848, -846], [848, 849], [854, 859], [854, 863], [863, 864], [863, 865], [865, 869], [865, 871], [872, 873], [872, 906], [873, 875], [886, 887], [886, 900], [888, 889], [889, 891], [900, 904], [911, 913], [913, -909], [913, 914], [918, -917], [918, 919], [919, 918], [919, 920], [921, 918], [928, 930], [931, -927], [931, 932], [938, 939], [938, 940], [940, 941], [940, 942], [942, -935], [942, 943], [947, 949], [950, 951], [950, 952], [960, 961], [960, 972], [961, 966], [976, 977], [976, 980], [980, 981], [980, 982], [982, 983], [982, 984], [993, 994], [993, 995], [995, 997], [998, 1000], [1009, 1011], [1012, 1013], [1012, 1014], [1014, 1016], [1017, 1021], [1027, 1028], [1027, 1038], [1030, 1031], [1035, 1036], [1040, 1041], [1040, 1042], [1042, 1043], [1042, 1052], [1043, 1044], [1043, 1045], [1068, 1069], [1068, 1075], [1069, 1071]], "missing_branches": [[157, 158], [166, 168], [212, 213], [212, 214], [214, 215], [214, 217], [215, 214], [215, 216], [325, 326], [352, 353], [355, 356], [370, 371], [382, 383], [538, 539], [580, 581], [594, 595], [601, 602], [618, 621], [619, 618], [625, 626], [635, 636], [638, 639], [647, 648], [653, 654], [659, 660], [667, 668], [701, 702], [723, 724], [767, 768], [773, 774], [798, 802], [821, 822], [837, 838], [873, 874], [888, 894], [889, 890], [894, 895], [894, 897], [900, 901], [911, 912], [921, 922], [928, 929], [947, 948], [961, 967], [995, 996], [998, 999], [1009, 1010], [1014, 1015], [1017, 1020], [1030, 1032], [1035, 1038], [1059, 1060], [1059, 1063], [1069, 1070]], "functions": {"ScannerConfig.list_to_tuple": {"executed_lines": [114], "summary": {"covered_lines": 1, "num_statements": 1, "percent_covered": 100.0, "percent_covered_display": "100", "missing_lines": 0, "excluded_lines": 0, "percent_statements_covered": 100.0, "percent_statements_covered_display": "100", "num_branches": 0, "num_partial_branches": 0, "covered_branches": 0, "missing_branches": 0, "percent_branches_covered": 100.0, "percent_branches_covered_display": "100"}, "missing_lines": [], "excluded_lines": [], "start_line": 113, "executed_branches": [], "missing_branches": []}, "ScannerConfig.validate_rules": {"executed_lines": [119, 120, 121, 122, 123, 124, 125], "summary": {"covered_lines": 7, "num_statements": 7, "percent_covered": 100.0, "percent_covered_display": "100", "missing_lines": 0, "excluded_lines": 0, "percent_statements_covered": 100.0, "percent_statements_covered_display": "100", "num_branches": 6, "num_partial_branches": 0, "covered_branches": 6, "missing_branches": 0, "percent_branches_covered": 100.0, "percent_branches_covered_display": "100"}, "missing_lines": [], "excluded_lines": [], "start_line": 118, "executed_branches": [[119, 120], [119, 125], [120, 121], [120, 122], [123, 119], [123, 124]], "missing_branches": []}, "ScannerConfig.validate_ignore_paths": {"executed_lines": [130, 131, 132], "summary": {"covered_lines": 3, "num_statements": 3, "percent_covered": 100.0, "percent_covered_display": "100", "missing_lines": 0, "excluded_lines": 0, "percent_statements_covered": 100.0, "percent_statements_covered_display": "100", "num_branches": 2, "num_partial_branches": 0, "covered_branches": 2, "missing_branches": 0, "percent_branches_covered": 100.0, "percent_branches_covered_display": "100"}, "missing_lines": [], "excluded_lines": [], "start_line": 129, "executed_branches": [[130, 131], [130, 132]], "missing_branches": []}, "ScannerConfig.validate_target_config": {"executed_lines": [], "summary": {"covered_lines": 0, "num_statements": 1, "percent_covered": 0.0, "percent_covered_display": "0", "missing_lines": 1, "excluded_lines": 0, "percent_statements_covered": 0.0, "percent_statements_covered_display": "0", "num_branches": 0, "num_partial_branches": 0, "covered_branches": 0, "missing_branches": 0, "percent_branches_covered": 100.0, "percent_branches_covered_display": "100"}, "missing_lines": [137], "excluded_lines": [], "start_line": 136, "executed_branches": [], "missing_branches": []}, "LlmConfig.validate_reasoning_effort": {"executed_lines": [152], "summary": {"covered_lines": 1, "num_statements": 1, "percent_covered": 100.0, "percent_covered_display": "100", "missing_lines": 0, "excluded_lines": 0, "percent_statements_covered": 100.0, "percent_statements_covered_display": "100", "num_branches": 0, "num_partial_branches": 0, "covered_branches": 0, "missing_branches": 0, "percent_branches_covered": 100.0, "percent_branches_covered_display": "100"}, "missing_lines": [], "excluded_lines": [], "start_line": 151, "executed_branches": [], "missing_branches": []}, "LlmConfig.validate_model_text": {"executed_lines": [157, 161], "summary": {"covered_lines": 2, "num_statements": 3, "percent_covered": 60.0, "percent_covered_display": "60", "missing_lines": 1, "excluded_lines": 0, "percent_statements_covered": 66.66666666666667, "percent_statements_covered_display": "67", "num_branches": 2, "num_partial_branches": 1, "covered_branches": 1, "missing_branches": 1, "percent_branches_covered": 50.0, "percent_branches_covered_display": "50"}, "missing_lines": [158], "excluded_lines": [], "start_line": 156, "executed_branches": [[157, 161]], "missing_branches": [[157, 158]]}, "LlmConfig.validate_base_url": {"executed_lines": [166, 167, 168], "summary": {"covered_lines": 3, "num_statements": 3, "percent_covered": 80.0, "percent_covered_display": "80", "missing_lines": 0, "excluded_lines": 0, "percent_statements_covered": 100.0, "percent_statements_covered_display": "100", "num_branches": 2, "num_partial_branches": 1, "covered_branches": 1, "missing_branches": 1, "percent_branches_covered": 50.0, "percent_branches_covered_display": "50"}, "missing_lines": [], "excluded_lines": [], "start_line": 165, "executed_branches": [[166, 167]], "missing_branches": [[166, 168]]}, "LlmConfig.validate_model_for_endpoint": {"executed_lines": [172, 173, 174, 177, 178, 179], "summary": {"covered_lines": 6, "num_statements": 6, "percent_covered": 100.0, "percent_covered_display": "100", "missing_lines": 0, "excluded_lines": 0, "percent_statements_covered": 100.0, "percent_statements_covered_display": "100", "num_branches": 6, "num_partial_branches": 0, "covered_branches": 6, "missing_branches": 0, "percent_branches_covered": 100.0, "percent_branches_covered_display": "100"}, "missing_lines": [], "excluded_lines": [], "start_line": 171, "executed_branches": [[172, 173], [172, 177], [173, 174], [173, 179], [177, 178], [177, 179]], "missing_branches": []}, "LlmConfig.normalized_base_url": {"executed_lines": [183], "summary": {"covered_lines": 1, "num_statements": 1, "percent_covered": 100.0, "percent_covered_display": "100", "missing_lines": 0, "excluded_lines": 0, "percent_statements_covered": 100.0, "percent_statements_covered_display": "100", "num_branches": 0, "num_partial_branches": 0, "covered_branches": 0, "missing_branches": 0, "percent_branches_covered": 100.0, "percent_branches_covered_display": "100"}, "missing_lines": [], "excluded_lines": [], "start_line": 182, "executed_branches": [], "missing_branches": []}, "LlmConfig.endpoint_mode": {"executed_lines": [187], "summary": {"covered_lines": 1, "num_statements": 1, "percent_covered": 100.0, "percent_covered_display": "100", "missing_lines": 0, "excluded_lines": 0, "percent_statements_covered": 100.0, "percent_statements_covered_display": "100", "num_branches": 0, "num_partial_branches": 0, "covered_branches": 0, "missing_branches": 0, "percent_branches_covered": 100.0, "percent_branches_covered_display": "100"}, "missing_lines": [], "excluded_lines": [], "start_line": 186, "executed_branches": [], "missing_branches": []}, "LlmConfig.endpoint_url_hash": {"executed_lines": [195], "summary": {"covered_lines": 1, "num_statements": 1, "percent_covered": 100.0, "percent_covered_display": "100", "missing_lines": 0, "excluded_lines": 0, "percent_statements_covered": 100.0, "percent_statements_covered_display": "100", "num_branches": 0, "num_partial_branches": 0, "covered_branches": 0, "missing_branches": 0, "percent_branches_covered": 100.0, "percent_branches_covered_display": "100"}, "missing_lines": [], "excluded_lines": [], "start_line": 194, "executed_branches": [], "missing_branches": []}, "SandboxConfig.list_to_tuple": {"executed_lines": [], "summary": {"covered_lines": 0, "num_statements": 1, "percent_covered": 0.0, "percent_covered_display": "0", "missing_lines": 1, "excluded_lines": 0, "percent_statements_covered": 0.0, "percent_statements_covered_display": "0", "num_branches": 0, "num_partial_branches": 0, "covered_branches": 0, "missing_branches": 0, "percent_branches_covered": 100.0, "percent_branches_covered_display": "100"}, "missing_lines": [207], "excluded_lines": [], "start_line": 206, "executed_branches": [], "missing_branches": []}, "SandboxConfig.validate_registries": {"executed_lines": [], "summary": {"covered_lines": 0, "num_statements": 6, "percent_covered": 0.0, "percent_covered_display": "0", "missing_lines": 6, "excluded_lines": 0, "percent_statements_covered": 0.0, "percent_statements_covered_display": "0", "num_branches": 6, "num_partial_branches": 0, "covered_branches": 0, "missing_branches": 6, "percent_branches_covered": 0.0, "percent_branches_covered_display": "0"}, "missing_lines": [212, 213, 214, 215, 216, 217], "excluded_lines": [], "start_line": 211, "executed_branches": [], "missing_branches": [[212, 213], [212, 214], [214, 215], [214, 217], [215, 214], [215, 216]]}, "Sent005AllowlistEntry.validate_path": {"executed_lines": [228], "summary": {"covered_lines": 1, "num_statements": 1, "percent_covered": 100.0, "percent_covered_display": "100", "missing_lines": 0, "excluded_lines": 0, "percent_statements_covered": 100.0, "percent_statements_covered_display": "100", "num_branches": 0, "num_partial_branches": 0, "covered_branches": 0, "missing_branches": 0, "percent_branches_covered": 100.0, "percent_branches_covered_display": "100"}, "missing_lines": [], "excluded_lines": [], "start_line": 227, "executed_branches": [], "missing_branches": []}, "Sent005AllowlistEntry.validate_fingerprint": {"executed_lines": [233, 234, 235], "summary": {"covered_lines": 3, "num_statements": 3, "percent_covered": 100.0, "percent_covered_display": "100", "missing_lines": 0, "excluded_lines": 0, "percent_statements_covered": 100.0, "percent_statements_covered_display": "100", "num_branches": 2, "num_partial_branches": 0, "covered_branches": 2, "missing_branches": 0, "percent_branches_covered": 100.0, "percent_branches_covered_display": "100"}, "missing_lines": [], "excluded_lines": [], "start_line": 232, "executed_branches": [[233, 234], [233, 235]], "missing_branches": []}, "Sent005AllowlistEntry.validate_reason": {"executed_lines": [240, 241, 242], "summary": {"covered_lines": 3, "num_statements": 3, "percent_covered": 100.0, "percent_covered_display": "100", "missing_lines": 0, "excluded_lines": 0, "percent_statements_covered": 100.0, "percent_statements_covered_display": "100", "num_branches": 2, "num_partial_branches": 0, "covered_branches": 2, "missing_branches": 0, "percent_branches_covered": 100.0, "percent_branches_covered_display": "100"}, "missing_lines": [], "excluded_lines": [], "start_line": 239, "executed_branches": [[240, 241], [240, 242]], "missing_branches": []}, "Sent005Config.list_to_tuple": {"executed_lines": [251], "summary": {"covered_lines": 1, "num_statements": 1, "percent_covered": 100.0, "percent_covered_display": "100", "missing_lines": 0, "excluded_lines": 0, "percent_statements_covered": 100.0, "percent_statements_covered_display": "100", "num_branches": 0, "num_partial_branches": 0, "covered_branches": 0, "missing_branches": 0, "percent_branches_covered": 100.0, "percent_branches_covered_display": "100"}, "missing_lines": [], "excluded_lines": [], "start_line": 250, "executed_branches": [], "missing_branches": []}, "Sent004Config.list_to_tuple": {"executed_lines": [260], "summary": {"covered_lines": 1, "num_statements": 1, "percent_covered": 100.0, "percent_covered_display": "100", "missing_lines": 0, "excluded_lines": 0, "percent_statements_covered": 100.0, "percent_statements_covered_display": "100", "num_branches": 0, "num_partial_branches": 0, "covered_branches": 0, "missing_branches": 0, "percent_branches_covered": 100.0, "percent_branches_covered_display": "100"}, "missing_lines": [], "excluded_lines": [], "start_line": 259, "executed_branches": [], "missing_branches": []}, "Sent004Config.validate_sanitizers": {"executed_lines": [265, 266, 267, 268], "summary": {"covered_lines": 4, "num_statements": 4, "percent_covered": 100.0, "percent_covered_display": "100", "missing_lines": 0, "excluded_lines": 0, "percent_statements_covered": 100.0, "percent_statements_covered_display": "100", "num_branches": 4, "num_partial_branches": 0, "covered_branches": 4, "missing_branches": 0, "percent_branches_covered": 100.0, "percent_branches_covered_display": "100"}, "missing_lines": [], "excluded_lines": [], "start_line": 264, "executed_branches": [[265, 266], [265, 268], [266, 265], [266, 267]], "missing_branches": []}, "Sent006Config.list_to_tuple": {"executed_lines": [277], "summary": {"covered_lines": 1, "num_statements": 1, "percent_covered": 100.0, "percent_covered_display": "100", "missing_lines": 0, "excluded_lines": 0, "percent_statements_covered": 100.0, "percent_statements_covered_display": "100", "num_branches": 0, "num_partial_branches": 0, "covered_branches": 0, "missing_branches": 0, "percent_branches_covered": 100.0, "percent_branches_covered_display": "100"}, "missing_lines": [], "excluded_lines": [], "start_line": 276, "executed_branches": [], "missing_branches": []}, "Sent006Config.validate_public_routes": {"executed_lines": [282, 283, 284, 287], "summary": {"covered_lines": 4, "num_statements": 4, "percent_covered": 100.0, "percent_covered_display": "100", "missing_lines": 0, "excluded_lines": 0, "percent_statements_covered": 100.0, "percent_statements_covered_display": "100", "num_branches": 4, "num_partial_branches": 0, "covered_branches": 4, "missing_branches": 0, "percent_branches_covered": 100.0, "percent_branches_covered_display": "100"}, "missing_lines": [], "excluded_lines": [], "start_line": 281, "executed_branches": [[282, 283], [282, 287], [283, 282], [283, 284]], "missing_branches": []}, "validate_baseline_bounds": {"executed_lines": [317, 318, 319, 320, 321, 322, 323, 324, 325, 327, 328, 329, 330, 331, 332, 333, 334, 335], "summary": {"covered_lines": 18, "num_statements": 19, "percent_covered": 93.54838709677419, "percent_covered_display": "94", "missing_lines": 1, "excluded_lines": 0, "percent_statements_covered": 94.73684210526316, "percent_statements_covered_display": "95", "num_branches": 12, "num_partial_branches": 1, "covered_branches": 11, "missing_branches": 1, "percent_branches_covered": 91.66666666666667, "percent_branches_covered_display": "92"}, "missing_lines": [326], "excluded_lines": [], "start_line": 315, "executed_branches": [[319, 320], [319, 330], [322, 323], [322, 324], [324, 325], [324, 328], [325, 327], [328, 319], [328, 329], [334, -315], [334, 335]], "missing_branches": [[325, 326]]}, "TargetConfig.validate_probe_baselines": {"executed_lines": [352, 354, 355, 359, 360], "summary": {"covered_lines": 5, "num_statements": 7, "percent_covered": 69.23076923076923, "percent_covered_display": "69", "missing_lines": 2, "excluded_lines": 0, "percent_statements_covered": 71.42857142857143, "percent_statements_covered_display": "71", "num_branches": 6, "num_partial_branches": 2, "covered_branches": 4, "missing_branches": 2, "percent_branches_covered": 66.66666666666667, "percent_branches_covered_display": "67"}, "missing_lines": [353, 356], "excluded_lines": [], "start_line": 351, "executed_branches": [[352, 354], [354, 355], [354, 360], [355, 359]], "missing_branches": [[352, 353], [355, 356]]}, "TargetConfig.list_to_tuple": {"executed_lines": [365], "summary": {"covered_lines": 1, "num_statements": 1, "percent_covered": 100.0, "percent_covered_display": "100", "missing_lines": 0, "excluded_lines": 0, "percent_statements_covered": 100.0, "percent_statements_covered_display": "100", "num_branches": 0, "num_partial_branches": 0, "covered_branches": 0, "missing_branches": 0, "percent_branches_covered": 100.0, "percent_branches_covered_display": "100"}, "missing_lines": [], "excluded_lines": [], "start_line": 364, "executed_branches": [], "missing_branches": []}, "TargetConfig.validate_launch_cmd": {"executed_lines": [370, 372, 373], "summary": {"covered_lines": 3, "num_statements": 4, "percent_covered": 66.66666666666667, "percent_covered_display": "67", "missing_lines": 1, "excluded_lines": 0, "percent_statements_covered": 75.0, "percent_statements_covered_display": "75", "num_branches": 2, "num_partial_branches": 1, "covered_branches": 1, "missing_branches": 1, "percent_branches_covered": 50.0, "percent_branches_covered_display": "50"}, "missing_lines": [371], "excluded_lines": [], "start_line": 369, "executed_branches": [[370, 372]], "missing_branches": [[370, 371]]}, "TargetConfig.validate_install_cmd": {"executed_lines": [380, 381, 382, 384, 385, 386], "summary": {"covered_lines": 6, "num_statements": 7, "percent_covered": 81.81818181818181, "percent_covered_display": "82", "missing_lines": 1, "excluded_lines": 0, "percent_statements_covered": 85.71428571428571, "percent_statements_covered_display": "86", "num_branches": 4, "num_partial_branches": 1, "covered_branches": 3, "missing_branches": 1, "percent_branches_covered": 75.0, "percent_branches_covered_display": "75"}, "missing_lines": [383], "excluded_lines": [], "start_line": 377, "executed_branches": [[380, 381], [380, 382], [382, 384]], "missing_branches": [[382, 383]]}, "TargetConfig.validate_environment": {"executed_lines": [390, 391, 392, 393, 394, 395], "summary": {"covered_lines": 6, "num_statements": 6, "percent_covered": 100.0, "percent_covered_display": "100", "missing_lines": 0, "excluded_lines": 0, "percent_statements_covered": 100.0, "percent_statements_covered_display": "100", "num_branches": 4, "num_partial_branches": 0, "covered_branches": 4, "missing_branches": 0, "percent_branches_covered": 100.0, "percent_branches_covered_display": "100"}, "missing_lines": [], "excluded_lines": [], "start_line": 389, "executed_branches": [[390, 391], [390, 393], [393, 394], [393, 395]], "missing_branches": []}, "load_configuration": {"executed_lines": [450, 451, 452, 453, 454, 458, 466, 467, 468, 469, 470, 471, 472, 473, 479, 480, 481, 482, 484, 485, 486, 487, 488, 489, 490, 491, 492, 497, 498, 499, 500, 501, 507, 508, 512, 513, 515, 516, 519, 520, 524, 525, 530, 531, 532, 536, 537, 538, 540, 541, 550, 555, 556, 557, 558, 559, 562, 563, 565], "summary": {"covered_lines": 59, "num_statements": 60, "percent_covered": 97.43589743589743, "percent_covered_display": "97", "missing_lines": 1, "excluded_lines": 0, "percent_statements_covered": 98.33333333333333, "percent_statements_covered_display": "98", "num_branches": 18, "num_partial_branches": 1, "covered_branches": 17, "missing_branches": 1, "percent_branches_covered": 94.44444444444444, "percent_branches_covered_display": "94"}, "missing_lines": [539], "excluded_lines": [], "start_line": 438, "executed_branches": [[471, 472], [471, 484], [507, 508], [507, 512], [512, 513], [512, 515], [519, 520], [519, 524], [524, 525], [524, 530], [531, 532], [531, 565], [536, 537], [536, 540], [538, 555], [540, 541], [540, 550]], "missing_branches": [[538, 539]]}, "validate_scan_root": {"executed_lines": [576, 577, 578, 579, 580, 582], "summary": {"covered_lines": 6, "num_statements": 7, "percent_covered": 84.61538461538461, "percent_covered_display": "85", "missing_lines": 1, "excluded_lines": 0, "percent_statements_covered": 85.71428571428571, "percent_statements_covered_display": "86", "num_branches": 6, "num_partial_branches": 1, "covered_branches": 5, "missing_branches": 1, "percent_branches_covered": 83.33333333333333, "percent_branches_covered_display": "83"}, "missing_lines": [581], "excluded_lines": [], "start_line": 575, "executed_branches": [[576, 577], [576, 578], [578, 579], [578, 580], [580, 582]], "missing_branches": [[580, 581]]}, "resolve_within_root": {"executed_lines": [586, 587, 588, 589, 590, 591, 592, 593, 594, 596, 597, 598, 601, 603], "summary": {"covered_lines": 14, "num_statements": 18, "percent_covered": 75.0, "percent_covered_display": "75", "missing_lines": 4, "excluded_lines": 0, "percent_statements_covered": 77.77777777777777, "percent_statements_covered_display": "78", "num_branches": 6, "num_partial_branches": 2, "covered_branches": 4, "missing_branches": 2, "percent_branches_covered": 66.66666666666667, "percent_branches_covered_display": "67"}, "missing_lines": [595, 599, 600, 602], "excluded_lines": [], "start_line": 585, "executed_branches": [[592, 593], [592, 596], [594, 592], [601, 603]], "missing_branches": [[594, 595], [601, 602]]}, "infer_python_version": {"executed_lines": [607, 608, 609, 610, 611, 612, 613, 618, 619, 620, 622, 623, 624, 625, 629, 630], "summary": {"covered_lines": 16, "num_statements": 20, "percent_covered": 78.125, "percent_covered_display": "78", "missing_lines": 4, "excluded_lines": 0, "percent_statements_covered": 80.0, "percent_statements_covered_display": "80", "num_branches": 12, "num_partial_branches": 3, "covered_branches": 9, "missing_branches": 3, "percent_branches_covered": 75.0, "percent_branches_covered_display": "75"}, "missing_lines": [614, 615, 621, 626], "excluded_lines": [], "start_line": 606, "executed_branches": [[608, 609], [608, 622], [611, 612], [611, 622], [618, 619], [619, 620], [623, 624], [623, 630], [625, 629]], "missing_branches": [[618, 621], [619, 618], [625, 626]]}, "_read_toml": {"executed_lines": [634, 635, 637, 638, 642, 643, 644, 647, 649], "summary": {"covered_lines": 9, "num_statements": 14, "percent_covered": 63.63636363636363, "percent_covered_display": "64", "missing_lines": 5, "excluded_lines": 0, "percent_statements_covered": 64.28571428571429, "percent_statements_covered_display": "64", "num_branches": 8, "num_partial_branches": 3, "covered_branches": 5, "missing_branches": 3, "percent_branches_covered": 62.5, "percent_branches_covered_display": "62"}, "missing_lines": [636, 639, 645, 646, 648], "excluded_lines": [], "start_line": 633, "executed_branches": [[634, 635], [634, 638], [635, 637], [638, 642], [647, 649]], "missing_branches": [[635, 636], [638, 639], [647, 648]]}, "_read_yaml": {"executed_lines": [653, 655, 656, 659, 661], "summary": {"covered_lines": 5, "num_statements": 9, "percent_covered": 53.84615384615385, "percent_covered_display": "54", "missing_lines": 4, "excluded_lines": 0, "percent_statements_covered": 55.55555555555556, "percent_statements_covered_display": "56", "num_branches": 4, "num_partial_branches": 2, "covered_branches": 2, "missing_branches": 2, "percent_branches_covered": 50.0, "percent_branches_covered_display": "50"}, "missing_lines": [654, 657, 658, 660], "excluded_lines": [], "start_line": 652, "executed_branches": [[653, 655], [659, 661]], "missing_branches": [[653, 654], [659, 660]]}, "_deep_merge": {"executed_lines": [665, 666, 667, 670, 671], "summary": {"covered_lines": 5, "num_statements": 6, "percent_covered": 80.0, "percent_covered_display": "80", "missing_lines": 1, "excluded_lines": 0, "percent_statements_covered": 83.33333333333333, "percent_statements_covered_display": "83", "num_branches": 4, "num_partial_branches": 1, "covered_branches": 3, "missing_branches": 1, "percent_branches_covered": 75.0, "percent_branches_covered_display": "75"}, "missing_lines": [668], "excluded_lines": [], "start_line": 664, "executed_branches": [[666, 667], [666, 671], [667, 670]], "missing_branches": [[667, 668]]}, "_apply_environment": {"executed_lines": [677, 678, 679, 680, 681, 683, 684, 685, 686, 687, 688, 689, 690, 693, 694, 695, 696, 697, 699, 700, 701, 703, 704], "summary": {"covered_lines": 23, "num_statements": 26, "percent_covered": 90.47619047619048, "percent_covered_display": "90", "missing_lines": 3, "excluded_lines": 0, "percent_statements_covered": 88.46153846153847, "percent_statements_covered_display": "88", "num_branches": 16, "num_partial_branches": 1, "covered_branches": 15, "missing_branches": 1, "percent_branches_covered": 93.75, "percent_branches_covered_display": "94"}, "missing_lines": [691, 692, 702], "excluded_lines": [], "start_line": 674, "executed_branches": [[678, 679], [678, 704], [679, 680], [679, 681], [683, 684], [683, 688], [685, 686], [685, 687], [688, 689], [688, 693], [693, 694], [693, 699], [695, 696], [695, 697], [701, 703]], "missing_branches": [[701, 702]]}, "_apply_cli": {"executed_lines": [708, 709, 710, 711, 712, 713, 714, 715], "summary": {"covered_lines": 8, "num_statements": 8, "percent_covered": 100.0, "percent_covered_display": "100", "missing_lines": 0, "excluded_lines": 0, "percent_statements_covered": 100.0, "percent_statements_covered_display": "100", "num_branches": 6, "num_partial_branches": 0, "covered_branches": 6, "missing_branches": 0, "percent_branches_covered": 100.0, "percent_branches_covered_display": "100"}, "missing_lines": [], "excluded_lines": [], "start_line": 707, "executed_branches": [[710, 711], [710, 712], [712, 713], [712, 715], [713, 712], [713, 714]], "missing_branches": []}, "_apply_llm_cli": {"executed_lines": [721, 722, 723, 725, 726, 727, 728], "summary": {"covered_lines": 7, "num_statements": 8, "percent_covered": 85.71428571428571, "percent_covered_display": "86", "missing_lines": 1, "excluded_lines": 0, "percent_statements_covered": 87.5, "percent_statements_covered_display": "88", "num_branches": 6, "num_partial_branches": 1, "covered_branches": 5, "missing_branches": 1, "percent_branches_covered": 83.33333333333333, "percent_branches_covered_display": "83"}, "missing_lines": [724], "excluded_lines": [], "start_line": 718, "executed_branches": [[723, 725], [725, 726], [725, 728], [726, 725], [726, 727]], "missing_branches": [[723, 724]]}, "_trust_environment_value": {"executed_lines": [732, 733, 734, 735, 736, 739], "summary": {"covered_lines": 6, "num_statements": 6, "percent_covered": 100.0, "percent_covered_display": "100", "missing_lines": 0, "excluded_lines": 0, "percent_statements_covered": 100.0, "percent_statements_covered_display": "100", "num_branches": 4, "num_partial_branches": 0, "covered_branches": 4, "missing_branches": 0, "percent_branches_covered": 100.0, "percent_branches_covered_display": "100"}, "missing_lines": [], "excluded_lines": [], "start_line": 731, "executed_branches": [[733, 734], [733, 735], [735, 736], [735, 739]], "missing_branches": []}, "_reject_ambient_openai_routing": {"executed_lines": [743, 744, 745], "summary": {"covered_lines": 3, "num_statements": 3, "percent_covered": 100.0, "percent_covered_display": "100", "missing_lines": 0, "excluded_lines": 0, "percent_statements_covered": 100.0, "percent_statements_covered_display": "100", "num_branches": 4, "num_partial_branches": 0, "covered_branches": 4, "missing_branches": 0, "percent_branches_covered": 100.0, "percent_branches_covered_display": "100"}, "missing_lines": [], "excluded_lines": [], "start_line": 742, "executed_branches": [[743, -742], [743, 744], [744, 743], [744, 745]], "missing_branches": []}, "_normalize_llm_base_url": {"executed_lines": [751, 752, 755, 756, 757, 760, 761, 762, 763, 764, 765, 766, 767, 769, 770, 771, 772, 773, 775, 776, 777, 778, 779, 782, 785, 786], "summary": {"covered_lines": 26, "num_statements": 30, "percent_covered": 87.5, "percent_covered_display": "88", "missing_lines": 4, "excluded_lines": 0, "percent_statements_covered": 86.66666666666667, "percent_statements_covered_display": "87", "num_branches": 18, "num_partial_branches": 2, "covered_branches": 16, "missing_branches": 2, "percent_branches_covered": 88.88888888888889, "percent_branches_covered_display": "89"}, "missing_lines": [758, 759, 768, 774], "excluded_lines": [], "start_line": 750, "executed_branches": [[751, 752], [751, 755], [760, 761], [760, 762], [762, 763], [762, 764], [764, 765], [764, 766], [767, 769], [769, 770], [769, 771], [771, 772], [771, 773], [773, 775], [777, 778], [777, 779]], "missing_branches": [[767, 768], [773, 774]]}, "_normalized_host": {"executed_lines": [790, 791, 792, 793, 794, 797, 798, 803], "summary": {"covered_lines": 8, "num_statements": 11, "percent_covered": 69.23076923076923, "percent_covered_display": "69", "missing_lines": 3, "excluded_lines": 0, "percent_statements_covered": 72.72727272727273, "percent_statements_covered_display": "73", "num_branches": 2, "num_partial_branches": 1, "covered_branches": 1, "missing_branches": 1, "percent_branches_covered": 50.0, "percent_branches_covered_display": "50"}, "missing_lines": [795, 796, 802], "excluded_lines": [], "start_line": 789, "executed_branches": [[798, 803]], "missing_branches": [[798, 802]]}, "_is_loopback_host": {"executed_lines": [807, 808, 809, 810, 811, 812, 813], "summary": {"covered_lines": 7, "num_statements": 7, "percent_covered": 100.0, "percent_covered_display": "100", "missing_lines": 0, "excluded_lines": 0, "percent_statements_covered": 100.0, "percent_statements_covered_display": "100", "num_branches": 2, "num_partial_branches": 0, "covered_branches": 2, "missing_branches": 0, "percent_branches_covered": 100.0, "percent_branches_covered_display": "100"}, "missing_lines": [], "excluded_lines": [], "start_line": 806, "executed_branches": [[807, 808], [807, 809]], "missing_branches": []}, "_redact_configured_url": {"executed_lines": [821, 823, 824, 825, 828, 829], "summary": {"covered_lines": 6, "num_statements": 7, "percent_covered": 77.77777777777777, "percent_covered_display": "78", "missing_lines": 1, "excluded_lines": 0, "percent_statements_covered": 85.71428571428571, "percent_statements_covered_display": "86", "num_branches": 2, "num_partial_branches": 1, "covered_branches": 1, "missing_branches": 1, "percent_branches_covered": 50.0, "percent_branches_covered_display": "50"}, "missing_lines": [822], "excluded_lines": [], "start_line": 820, "executed_branches": [[821, 823]], "missing_branches": [[821, 822]]}, "_parse_launch_override": {"executed_lines": [833, 834, 837, 839, 840, 843], "summary": {"covered_lines": 6, "num_statements": 11, "percent_covered": 53.84615384615385, "percent_covered_display": "54", "missing_lines": 5, "excluded_lines": 0, "percent_statements_covered": 54.54545454545455, "percent_statements_covered_display": "55", "num_branches": 2, "num_partial_branches": 1, "covered_branches": 1, "missing_branches": 1, "percent_branches_covered": 50.0, "percent_branches_covered_display": "50"}, "missing_lines": [835, 836, 838, 841, 842], "excluded_lines": [], "start_line": 832, "executed_branches": [[837, 839]], "missing_branches": [[837, 838]]}, "_reject_shell": {"executed_lines": [847, 848, 849], "summary": {"covered_lines": 3, "num_statements": 3, "percent_covered": 100.0, "percent_covered_display": "100", "missing_lines": 0, "excluded_lines": 0, "percent_statements_covered": 100.0, "percent_statements_covered_display": "100", "num_branches": 2, "num_partial_branches": 0, "covered_branches": 2, "missing_branches": 0, "percent_branches_covered": 100.0, "percent_branches_covered_display": "100"}, "missing_lines": [], "excluded_lines": [], "start_line": 846, "executed_branches": [[848, -846], [848, 849]], "missing_branches": []}, "_validate_install_shape": {"executed_lines": [853, 854, 859, 863, 864, 865, 869, 871, 872, 873, 875, 884, 885, 886, 887, 888, 889, 891, 892, 893, 900, 904, 906], "summary": {"covered_lines": 23, "num_statements": 29, "percent_covered": 75.51020408163265, "percent_covered_display": "76", "missing_lines": 6, "excluded_lines": 0, "percent_statements_covered": 79.3103448275862, "percent_statements_covered_display": "79", "num_branches": 20, "num_partial_branches": 4, "covered_branches": 14, "missing_branches": 6, "percent_branches_covered": 70.0, "percent_branches_covered_display": "70"}, "missing_lines": [874, 890, 894, 895, 897, 901], "excluded_lines": [], "start_line": 852, "executed_branches": [[854, 859], [854, 863], [863, 864], [863, 865], [865, 869], [865, 871], [872, 873], [872, 906], [873, 875], [886, 887], [886, 900], [888, 889], [889, 891], [900, 904]], "missing_branches": [[873, 874], [888, 894], [889, 890], [894, 895], [894, 897], [900, 901]]}, "_validate_target_paths": {"executed_lines": [910, 911, 913, 914], "summary": {"covered_lines": 4, "num_statements": 5, "percent_covered": 77.77777777777777, "percent_covered_display": "78", "missing_lines": 1, "excluded_lines": 0, "percent_statements_covered": 80.0, "percent_statements_covered_display": "80", "num_branches": 4, "num_partial_branches": 1, "covered_branches": 3, "missing_branches": 1, "percent_branches_covered": 75.0, "percent_branches_covered_display": "75"}, "missing_lines": [912], "excluded_lines": [], "start_line": 909, "executed_branches": [[911, 913], [913, -909], [913, 914]], "missing_branches": [[911, 912]]}, "_validate_install_files": {"executed_lines": [918, 919, 920, 921], "summary": {"covered_lines": 4, "num_statements": 5, "percent_covered": 81.81818181818181, "percent_covered_display": "82", "missing_lines": 1, "excluded_lines": 0, "percent_statements_covered": 80.0, "percent_statements_covered_display": "80", "num_branches": 6, "num_partial_branches": 1, "covered_branches": 5, "missing_branches": 1, "percent_branches_covered": 83.33333333333333, "percent_branches_covered_display": "83"}, "missing_lines": [922], "excluded_lines": [], "start_line": 917, "executed_branches": [[918, -917], [918, 919], [919, 918], [919, 920], [921, 918]], "missing_branches": [[921, 922]]}, "_validate_env_name": {"executed_lines": [928, 930, 931, 932], "summary": {"covered_lines": 4, "num_statements": 5, "percent_covered": 77.77777777777777, "percent_covered_display": "78", "missing_lines": 1, "excluded_lines": 0, "percent_statements_covered": 80.0, "percent_statements_covered_display": "80", "num_branches": 4, "num_partial_branches": 1, "covered_branches": 3, "missing_branches": 1, "percent_branches_covered": 75.0, "percent_branches_covered_display": "75"}, "missing_lines": [929], "excluded_lines": [], "start_line": 927, "executed_branches": [[928, 930], [931, -927], [931, 932]], "missing_branches": [[928, 929]]}, "_validate_env_value": {"executed_lines": [936, 937, 938, 939, 940, 941, 942, 943], "summary": {"covered_lines": 8, "num_statements": 8, "percent_covered": 100.0, "percent_covered_display": "100", "missing_lines": 0, "excluded_lines": 0, "percent_statements_covered": 100.0, "percent_statements_covered_display": "100", "num_branches": 6, "num_partial_branches": 0, "covered_branches": 6, "missing_branches": 0, "percent_branches_covered": 100.0, "percent_branches_covered_display": "100"}, "missing_lines": [], "excluded_lines": [], "start_line": 935, "executed_branches": [[938, 939], [938, 940], [940, 941], [940, 942], [942, -935], [942, 943]], "missing_branches": []}, "_validate_relative_text_path": {"executed_lines": [947, 949, 950, 951, 952], "summary": {"covered_lines": 5, "num_statements": 6, "percent_covered": 80.0, "percent_covered_display": "80", "missing_lines": 1, "excluded_lines": 0, "percent_statements_covered": 83.33333333333333, "percent_statements_covered_display": "83", "num_branches": 4, "num_partial_branches": 1, "covered_branches": 3, "missing_branches": 1, "percent_branches_covered": 75.0, "percent_branches_covered_display": "75"}, "missing_lines": [948], "excluded_lines": [], "start_line": 946, "executed_branches": [[947, 949], [950, 951], [950, 952]], "missing_branches": [[947, 948]]}, "_detect_target_language": {"executed_lines": [958, 960, 961, 966, 972, 973, 976, 977, 980, 981, 982, 983, 984], "summary": {"covered_lines": 13, "num_statements": 14, "percent_covered": 91.66666666666667, "percent_covered_display": "92", "missing_lines": 1, "excluded_lines": 0, "percent_statements_covered": 92.85714285714286, "percent_statements_covered_display": "93", "num_branches": 10, "num_partial_branches": 1, "covered_branches": 9, "missing_branches": 1, "percent_branches_covered": 90.0, "percent_branches_covered_display": "90"}, "missing_lines": [967], "excluded_lines": [], "start_line": 955, "executed_branches": [[960, 961], [960, 972], [961, 966], [976, 977], [976, 980], [980, 981], [980, 982], [982, 983], [982, 984]], "missing_branches": [[961, 967]]}, "_typescript_dependency": {"executed_lines": [992, 993, 994, 995, 997, 998, 1000, 1009, 1011, 1012, 1013, 1014, 1016, 1017, 1021], "summary": {"covered_lines": 15, "num_statements": 26, "percent_covered": 60.0, "percent_covered_display": "60", "missing_lines": 11, "excluded_lines": 0, "percent_statements_covered": 57.69230769230769, "percent_statements_covered_display": "58", "num_branches": 14, "num_partial_branches": 5, "covered_branches": 9, "missing_branches": 5, "percent_branches_covered": 64.28571428571429, "percent_branches_covered_display": "64"}, "missing_lines": [996, 999, 1001, 1002, 1003, 1004, 1007, 1008, 1010, 1015, 1020], "excluded_lines": [], "start_line": 991, "executed_branches": [[993, 994], [993, 995], [995, 997], [998, 1000], [1009, 1011], [1012, 1013], [1012, 1014], [1014, 1016], [1017, 1021]], "missing_branches": [[995, 996], [998, 999], [1009, 1010], [1014, 1015], [1017, 1020]]}, "_python_package_roots": {"executed_lines": [1025, 1026, 1027, 1028, 1029, 1030, 1031, 1032, 1035, 1036, 1038, 1039, 1040, 1041, 1042, 1043, 1044, 1045, 1050, 1052], "summary": {"covered_lines": 20, "num_statements": 20, "percent_covered": 93.75, "percent_covered_display": "94", "missing_lines": 0, "excluded_lines": 0, "percent_statements_covered": 100.0, "percent_statements_covered_display": "100", "num_branches": 12, "num_partial_branches": 2, "covered_branches": 10, "missing_branches": 2, "percent_branches_covered": 83.33333333333333, "percent_branches_covered_display": "83"}, "missing_lines": [], "excluded_lines": [], "start_line": 1024, "executed_branches": [[1027, 1028], [1027, 1038], [1030, 1031], [1035, 1036], [1040, 1041], [1040, 1042], [1042, 1043], [1042, 1052], [1043, 1044], [1043, 1045]], "missing_branches": [[1030, 1032], [1035, 1038]]}, "_declared_supported_package_roots": {"executed_lines": [], "summary": {"covered_lines": 0, "num_statements": 4, "percent_covered": 0.0, "percent_covered_display": "0", "missing_lines": 4, "excluded_lines": 0, "percent_statements_covered": 0.0, "percent_statements_covered_display": "0", "num_branches": 2, "num_partial_branches": 0, "covered_branches": 0, "missing_branches": 2, "percent_branches_covered": 0.0, "percent_branches_covered_display": "0"}, "missing_lines": [1058, 1059, 1060, 1063], "excluded_lines": [], "start_line": 1055, "executed_branches": [], "missing_branches": [[1059, 1060], [1059, 1063]]}, "_requirement_names": {"executed_lines": [1067, 1068, 1069, 1071, 1072, 1073, 1074, 1075], "summary": {"covered_lines": 8, "num_statements": 9, "percent_covered": 84.61538461538461, "percent_covered_display": "85", "missing_lines": 1, "excluded_lines": 0, "percent_statements_covered": 88.88888888888889, "percent_statements_covered_display": "89", "num_branches": 4, "num_partial_branches": 1, "covered_branches": 3, "missing_branches": 1, "percent_branches_covered": 75.0, "percent_branches_covered_display": "75"}, "missing_lines": [1070], "excluded_lines": [], "start_line": 1066, "executed_branches": [[1068, 1069], [1068, 1075], [1069, 1071]], "missing_branches": [[1069, 1070]]}, "_normalize_package_name": {"executed_lines": [1079], "summary": {"covered_lines": 1, "num_statements": 1, "percent_covered": 100.0, "percent_covered_display": "100", "missing_lines": 0, "excluded_lines": 0, "percent_statements_covered": 100.0, "percent_statements_covered_display": "100", "num_branches": 0, "num_partial_branches": 0, "covered_branches": 0, "missing_branches": 0, "percent_branches_covered": 100.0, "percent_branches_covered_display": "100"}, "missing_lines": [], "excluded_lines": [], "start_line": 1078, "executed_branches": [], "missing_branches": []}, "threshold_severity": {"executed_lines": [], "summary": {"covered_lines": 0, "num_statements": 1, "percent_covered": 0.0, "percent_covered_display": "0",
[...]
"percent_covered": 100.0, "percent_covered_display": "100", "missing_lines": 0, "excluded_lines": 0, "percent_statements_covered": 100.0, "percent_statements_covered_display": "100", "num_branches": 2, "num_partial_branches": 0, "covered_branches": 2, "missing_branches": 0, "percent_branches_covered": 100.0, "percent_branches_covered_display": "100"}, "missing_lines": [], "excluded_lines": [], "start_line": 736, "executed_branches": [[740, 743], [740, 745]], "missing_branches": []}, "integrity.digest": {"executed_lines": [752, 753, 754, 758, 762, 763], "summary": {"covered_lines": 6, "num_statements": 6, "percent_covered": 100.0, "percent_covered_display": "100", "missing_lines": 0, "excluded_lines": 0, "percent_statements_covered": 100.0, "percent_statements_covered_display": "100", "num_branches": 4, "num_partial_branches": 0, "covered_branches": 4, "missing_branches": 0, "percent_branches_covered": 100.0, "percent_branches_covered_display": "100"}, "missing_lines": [], "excluded_lines": [], "start_line": 747, "executed_branches": [[752, 753], [752, 754], [758, 762], [758, 763]], "missing_branches": []}, "integrity.signature": {"executed_lines": [772, 773, 777, 778, 779, 785, 790, 791, 794, 795, 796, 797, 798, 804, 810, 811, 812, 813, 814, 820, 823, 828, 843], "summary": {"covered_lines": 23, "num_statements": 24, "percent_covered": 94.11764705882354, "percent_covered_display": "94", "missing_lines": 1, "excluded_lines": 0, "percent_statements_covered": 95.83333333333333, "percent_statements_covered_display": "96", "num_branches": 10, "num_partial_branches": 1, "covered_branches": 9, "missing_branches": 1, "percent_branches_covered": 90.0, "percent_branches_covered_display": "90"}, "missing_lines": [784], "excluded_lines": [], "start_line": 765, "executed_branches": [[773, 777], [773, 778], [779, 785], [794, 795], [794, 797], [797, 798], [797, 810], [813, 814], [813, 823]], "missing_branches": [[779, 784]]}, "integrity.file_read": {"executed_lines": [846, 849], "summary": {"covered_lines": 2, "num_statements": 2, "percent_covered": 100.0, "percent_covered_display": "100", "missing_lines": 0, "excluded_lines": 0, "percent_statements_covered": 100.0, "percent_statements_covered_display": "100", "num_branches": 0, "num_partial_branches": 0, "covered_branches": 0, "missing_branches": 0, "percent_branches_covered": 100.0, "percent_branches_covered_display": "100"}, "missing_lines": [], "excluded_lines": [], "start_line": 845, "executed_branches": [], "missing_branches": []}, "": {"executed_lines": [3, 5, 6, 7, 8, 9, 11, 12, 13, 27, 30, 31, 32, 33, 34, 35, 38, 115, 135, 143, 151, 174, 193, 416, 506, 516, 527, 552, 704], "summary": {"covered_lines": 29, "num_statements": 29, "percent_covered": 100.0, "percent_covered_display": "100", "missing_lines": 0, "excluded_lines": 0, "percent_statements_covered": 100.0, "percent_statements_covered_display": "100", "num_branches": 0, "num_partial_branches": 0, "covered_branches": 0, "missing_branches": 0, "percent_branches_covered": 100.0, "percent_branches_covered_display": "100"}, "missing_lines": [], "excluded_lines": [], "start_line": 1, "executed_branches": [], "missing_branches": []}}, "classes": {"Event": {"executed_lines": [], "summary": {"covered_lines": 0, "num_statements": 0, "percent_covered": 100.0, "percent_covered_display": "100", "missing_lines": 0, "excluded_lines": 0, "percent_statements_covered": 100.0, "percent_statements_covered_display": "100", "num_branches": 0, "num_partial_branches": 0, "covered_branches": 0, "missing_branches": 0, "percent_branches_covered": 100.0, "percent_branches_covered_display": "100"}, "missing_lines": [], "excluded_lines": [], "start_line": 31, "executed_branches": [], "missing_branches": []}, "": {"executed_lines": [3, 5, 6, 7, 8, 9, 11, 12, 13, 27, 30, 31, 32, 33, 34, 35, 38, 41, 42, 46, 47, 48, 49, 50, 51, 52, 53, 54, 56, 57, 58, 59, 60, 61, 62, 63, 64, 65, 66, 67, 68, 69, 70, 71, 72, 73, 74, 75, 76, 77, 80, 84, 98, 99, 100, 101, 108, 109, 110, 112, 115, 116, 117, 119, 120, 122, 132, 135, 136, 140, 143, 144, 145, 146, 147, 148, 151, 152, 153, 154, 155, 159, 160, 161, 162, 163, 164, 169, 170, 171, 174, 175, 176, 177, 178, 179, 181, 193, 196, 197, 198, 199, 200, 201, 204, 208, 209, 210, 213, 218, 222, 223, 224, 225, 226, 227, 228, 229, 230, 231, 232, 233, 234, 235, 236, 237, 238, 239, 240, 241, 242, 243, 249, 250, 251, 259, 262, 268, 269, 270, 271, 272, 275, 276, 278, 284, 285, 289, 290, 291, 292, 299, 300, 302, 303, 304, 305, 306, 307, 308, 309, 310, 311, 312, 313, 316, 317, 318, 321, 333, 334, 335, 336, 337, 338, 339, 340, 341, 342, 345, 348, 349, 350, 351, 352, 353, 354, 359, 360, 361, 367, 368, 369, 370, 371, 372, 373, 374, 375, 376, 382, 383, 384, 385, 386, 387, 391, 392, 393, 394, 399, 400, 402, 403, 404, 405, 406, 407, 408, 409, 413, 416, 417, 419, 420, 421, 422, 425, 429, 430, 431, 432, 433, 434, 436, 441, 442, 449, 450, 451, 452, 457, 461, 462, 466, 467, 472, 473, 474, 475, 479, 480, 489, 490, 491, 492, 493, 495, 498, 502, 503, 506, 507, 508, 509, 510, 511, 512, 513, 516, 517, 518, 519, 520, 521, 522, 523, 524, 527, 528, 529, 530, 537, 538, 544, 545, 546, 547, 548, 549, 552, 553, 555, 556, 557, 558, 559, 560, 561, 563, 572, 573, 574, 575, 580, 581, 583, 584, 590, 593, 594, 595, 596, 601, 602, 603, 604, 606, 607, 612, 613, 614, 617, 618, 621, 622, 623, 626, 627, 628, 629, 630, 632, 635, 636, 637, 638, 639, 643, 644, 646, 648, 650, 651, 652, 653, 655, 656, 657, 658, 659, 660, 664, 665, 666, 668, 669, 670, 672, 675, 681, 691, 693, 704, 705, 711, 712, 713, 714, 715, 716, 720, 721, 722, 723, 724, 725, 731, 732, 733, 734, 736, 739, 740, 743, 744, 745, 747, 752, 753, 754, 758, 762, 763, 765, 772, 773, 777, 778, 779, 785, 790, 791, 794, 795, 796, 797, 798, 804, 810, 811, 812, 813, 814, 820, 823, 828, 843, 845, 846, 849, 851, 852, 853, 854, 855, 856, 857, 860, 861, 865, 871, 872, 873, 874, 875, 876, 877, 878, 879, 880, 881, 882, 883, 884, 888, 889, 891, 892, 893, 896, 897, 898, 899, 900, 901, 905, 906, 907, 908, 909, 910, 911, 912, 913, 914, 915, 916, 918, 919, 920, 924], "summary": {"covered_lines": 472, "num_statements": 493, "percent_covered": 93.66106080206985, "percent_covered_display": "94", "missing_lines": 21, "excluded_lines": 0, "percent_statements_covered": 95.74036511156187, "percent_statements_covered_display": "96", "num_branches": 280, "num_partial_branches": 28, "covered_branches": 252, "missing_branches": 28, "percent_branches_covered": 90.0, "percent_branches_covered_display": "90"}, "missing_lines": [118, 121, 180, 248, 260, 261, 401, 499, 582, 624, 625, 631, 645, 647, 654, 667, 671, 680, 784, 890, 917], "excluded_lines": [], "start_line": 1, "executed_branches": [[47, 48], [47, 49], [49, 50], [49, 53], [51, 52], [56, -38], [56, 57], [59, 60], [59, 62], [63, 64], [63, 65], [65, 66], [65, 68], [69, 70], [69, 99], [72, 73], [76, 77], [76, 80], [80, 84], [80, 98], [109, 110], [109, 112], [117, 119], [120, 122], [145, 146], [145, 148], [153, 154], [153, 155], [159, 160], [159, 161], [162, 163], [162, 171], [164, 169], [175, 176], [175, 177], [179, 181], [196, -193], [196, 197], [204, 208], [204, 213], [209, 210], [218, 222], [218, 229], [223, 224], [230, 231], [230, 242], [232, 233], [232, 241], [234, 235], [234, 239], [235, 236], [235, 237], [237, 234], [237, 238], [239, 232], [239, 240], [242, 196], [242, 243], [243, 249], [259, 262], [262, 268], [262, 408], [285, 289], [285, 300], [289, 290], [289, 291], [292, 285], [292, 299], [302, 303], [302, 406], [304, 305], [304, 336], [308, 309], [308, 310], [310, 311], [310, 321], [311, 312], [311, 313], [316, 317], [316, 321], [333, 334], [333, 335], [336, 337], [336, 338], [339, 340], [339, 342], [348, 349], [348, 361], [349, 350], [349, 360], [353, 354], [353, 359], [361, 367], [361, 371], [372, 373], [372, 383], [375, 376], [385, 386], [385, 387], [391, 392], [391, 399], [393, 394], [399, 302], [399, 400], [400, 402], [402, 302], [402, 403], [406, 262], [406, 407], [408, 409], [408, 413], [420, -416], [420, 421], [429, 420], [429, 430], [430, 431], [433, 429], [433, 434], [442, 449], [442, 457], [449, 442], [449, 450], [451, 452], [457, 461], [457, 462], [462, 466], [462, 467], [472, 473], [472, 502], [473, 474], [473, 475], [479, 480], [479, 491], [492, 493], [492, 495], [498, 472], [502, 433], [502, 503], [510, 511], [510, 513], [518, 519], [518, 520], [521, 522], [521, 524], [529, 530], [529, 537], [538, 544], [538, 546], [547, 548], [547, 549], [555, -552], [555, 556], [560, 561], [560, 563], [573, 574], [573, 580], [581, 583], [594, 595], [594, 648], [603, 604], [603, 646], [604, 606], [604, 623], [612, 613], [612, 622], [613, 614], [613, 622], [618, 613], [618, 621], [623, 626], [627, 628], [627, 635], [630, 632], [635, 636], [635, 639], [636, 637], [636, 638], [639, 643], [639, 644], [644, 603], [646, 594], [651, 652], [651, 660], [653, 655], [658, 651], [658, 659], [664, 555], [664, 665], [666, 668], [670, 672], [675, 681], [681, 691], [681, 693], [712, -704], [712, 713], [715, 712], [715, 716], [716, 720], [716, 721], [723, 724], [723, 918], [740, 743], [740, 745], [752, 753], [752, 754], [758, 762], [758, 763], [773, 777], [773, 778], [779, 785], [794, 795], [794, 797], [797, 798], [797, 810], [813, 814], [813, 823], [851, 723], [851, 852], [852, 853], [852, 882], [854, 855], [854, 875], [855, 856], [855, 875], [865, 871], [865, 873], [873, 855], [873, 874], [876, 877], [876, 878], [879, 880], [879, 881], [882, 883], [882, 884], [884, 888], [884, 898], [889, 891], [896, 884], [896, 897], [899, 900], [899, 916], [908, 909], [908, 910], [912, 913], [912, 914], [914, 851], [914, 915], [916, 851], [918, 715], [918, 919], [919, 920], [919, 924]], "missing_branches": [[51, 53], [72, 99], [117, 118], [120, 121], [164, 171], [179, 180], [209, 204], [223, 218], [243, 248], [259, 260], [375, 383], [393, 399], [400, 401], [430, 432], [451, 442], [498, 499], [581, 582], [623, 624], [630, 631], [644, 645], [646, 647], [653, 654], [666, 667], [670, 671], [675, 680], [779, 784], [889, 890], [916, 917]]}}}, "src/sentinel/workspaces.py": {"executed_lines": [3, 5, 6, 7, 8, 9, 10, 12, 15, 16, 17, 18, 21, 22, 23, 24, 25, 28, 29, 31, 33, 34, 35, 36, 40, 41, 42, 43, 44, 45, 46, 47, 49, 52, 53, 57, 58, 59, 60, 61, 68, 71, 72, 73, 76, 77, 78, 79, 80, 85, 90, 93, 94, 96, 98, 99, 100, 101, 102, 104, 105, 106, 107, 109, 112, 115, 122, 123, 124, 125, 127, 134, 135, 136, 143, 144, 146, 147, 149, 153, 154, 155, 156, 157, 158, 159, 160, 166, 167, 169, 170, 171, 172, 173, 174, 175, 182, 183, 184, 190, 191, 192, 193, 194, 199, 200, 201, 202, 204, 209], "summary": {"covered_lines": 110, "num_statements": 125, "percent_covered": 86.24338624338624, "percent_covered_display": "86", "missing_lines": 15, "excluded_lines": 0, "percent_statements_covered": 88.0, "percent_statements_covered_display": "88", "num_branches": 64, "num_partial_branches": 11, "covered_branches": 53, "missing_branches": 11, "percent_branches_covered": 82.8125, "percent_branches_covered_display": "83"}, "missing_lines": [32, 37, 48, 56, 81, 97, 103, 108, 126, 150, 151, 161, 164, 178, 181], "excluded_lines": [], "executed_branches": [[31, 33], [34, 35], [34, 36], [36, 40], [40, 41], [40, 42], [42, 43], [42, 44], [47, 49], [53, 57], [58, 59], [58, 73], [61, 68], [61, 71], [79, 80], [79, 90], [80, 85], [96, 98], [100, 101], [100, 122], [102, 104], [105, 106], [105, 122], [107, 109], [123, 124], [123, 134], [125, 127], [135, 136], [135, 143], [143, 144], [143, 146], [153, 154], [153, 169], [154, 155], [154, 167], [157, 158], [157, 160], [160, 166], [171, 172], [171, 209], [174, 171], [174, 175], [175, 182], [183, 184], [183, 190], [190, 174], [190, 191], [191, 192], [191, 193], [193, 194], [193, 200], [201, 202], [201, 204]], "missing_branches": [[31, 32], [36, 37], [47, 48], [53, 56], [80, 81], [96, 97], [102, 103], [107, 108], [125, 126], [160, 161], [175, 178]], "functions": {"_metadata": {"executed_lines": [29, 31, 33, 34, 35, 36, 40, 41, 42, 43, 44, 45, 46, 47, 49], "summary": {"covered_lines": 15, "num_statements": 18, "percent_covered": 80.0, "percent_covered_display": "80", "missing_lines": 3, "excluded_lines": 0, "percent_statements_covered": 83.33333333333333, "percent_statements_covered_display": "83", "num_branches": 12, "num_partial_branches": 3, "covered_branches": 9, "missing_branches": 3, "percent_branches_covered": 75.0, "percent_branches_covered_display": "75"}, "missing_lines": [32, 37, 48], "excluded_lines": [], "start_line": 28, "executed_branches": [[31, 33], [34, 35], [34, 36], [36, 40], [40, 41], [40, 42], [42, 43], [42, 44], [47, 49]], "missing_branches": [[31, 32], [36, 37], [47, 48]]}, "_patterns": {"executed_lines": [53, 57, 58, 59, 60, 61, 68, 71, 72, 73], "summary": {"covered_lines": 10, "num_statements": 11, "percent_covered": 88.23529411764706, "percent_covered_display": "88", "missing_lines": 1, "excluded_lines": 0, "percent_statements_covered": 90.9090909090909, "percent_statements_covered_display": "91", "num_branches": 6, "num_partial_branches": 1, "covered_branches": 5, "missing_branches": 1, "percent_branches_covered": 83.33333333333333, "percent_branches_covered_display": "83"}, "missing_lines": [56], "excluded_lines": [], "start_line": 52, "executed_branches": [[53, 57], [58, 59], [58, 73], [61, 68], [61, 71]], "missing_branches": [[53, 56]]}, "_matches": {"executed_lines": [77, 78, 79, 80, 85, 90], "summary": {"covered_lines": 6, "num_statements": 7, "percent_covered": 81.81818181818181, "percent_covered_display": "82", "missing_lines": 1, "excluded_lines": 0, "percent_statements_covered": 85.71428571428571, "percent_statements_covered_display": "86", "num_branches": 4, "num_partial_branches": 1, "covered_branches": 3, "missing_branches": 1, "percent_branches_covered": 75.0, "percent_branches_covered_display": "75"}, "missing_lines": [81], "excluded_lines": [], "start_line": 76, "executed_branches": [[79, 80], [79, 90], [80, 85]], "missing_branches": [[80, 81]]}, "discover_workspace": {"executed_lines": [94, 96, 98, 99, 100, 101, 102, 104, 105, 106, 107, 109, 112, 115, 122, 123, 124, 125, 127, 134, 135, 136, 143, 144, 146, 147, 149, 153, 154, 155, 156, 157, 158, 159, 160, 166, 167, 169, 170, 171, 172, 173, 174, 175, 182, 183, 184, 190, 191, 192, 193, 194, 199, 200, 201, 202, 204, 209], "summary": {"covered_lines": 58, "num_statements": 66, "percent_covered": 87.03703703703704, "percent_covered_display": "87", "missing_lines": 8, "excluded_lines": 0, "percent_statements_covered": 87.87878787878788, "percent_statements_covered_display": "88", "num_branches": 42, "num_partial_branches": 6, "covered_branches": 36, "missing_branches": 6, "percent_branches_covered": 85.71428571428571, "percent_branches_covered_display": "86"}, "missing_lines": [97, 103, 108, 126, 161, 164, 178, 181], "excluded_lines": [], "start_line": 93, "executed_branches": [[96, 98], [100, 101], [100, 122], [102, 104], [105, 106], [105, 122], [107, 109], [123, 124], [123, 134], [125, 127], [135, 136], [135, 143], [143, 144], [143, 146], [153, 154], [153, 169], [154, 155], [154, 167], [157, 158], [157, 160], [160, 166], [171, 172], [171, 209], [174, 171], [174, 175], [175, 182], [183, 184], [183, 190], [190, 174], [190, 191], [191, 192], [191, 193], [193, 194], [193, 200], [201, 202], [201, 204]], "missing_branches": [[96, 97], [102, 103], [107, 108], [125, 126], [160, 161], [175, 178]]}, "discover_workspace.inaccessible": {"executed_lines": [], "summary": {"covered_lines": 0, "num_statements": 2, "percent_covered": 0.0, "percent_covered_display": "0", "missing_lines": 2, "excluded_lines": 0, "percent_statements_covered": 0.0, "percent_statements_covered_display": "0", "num_branches": 0, "num_partial_branches": 0, "covered_branches": 0, "missing_branches": 0, "percent_branches_covered": 100.0, "percent_branches_covered_display": "100"}, "missing_lines": [150, 151], "excluded_lines": [], "start_line": 149, "executed_branches": [], "missing_branches": []}, "": {"executed_lines": [3, 5, 6, 7, 8, 9, 10, 12, 15, 16, 17, 18, 21, 22, 23, 24, 25, 28, 52, 76, 93], "summary": {"covered_lines": 21, "num_statements": 21, "percent_covered": 100.0, "percent_covered_display": "100", "missing_lines": 0, "excluded_lines": 0, "percent_statements_covered": 100.0, "percent_statements_covered_display": "100", "num_branches": 0, "num_partial_branches": 0, "covered_branches": 0, "missing_branches": 0, "percent_branches_covered": 100.0, "percent_branches_covered_display": "100"}, "missing_lines": [], "excluded_lines": [], "start_line": 1, "executed_branches": [], "missing_branches": []}}, "classes": {"WorkspaceIssue": {"executed_lines": [], "summary": {"covered_lines": 0, "num_statements": 0, "percent_covered": 100.0, "percent_covered_display": "100", "missing_lines": 0, "excluded_lines": 0, "percent_statements_covered": 100.0, "percent_statements_covered_display": "100", "num_branches": 0, "num_partial_branches": 0, "covered_branches": 0, "missing_branches": 0, "percent_branches_covered": 100.0, "percent_branches_covered_display": "100"}, "missing_lines": [], "excluded_lines": [], "start_line": 16, "executed_branches": [], "missing_branches": []}, "WorkspaceLayout": {"executed_lines": [], "summary": {"covered_lines": 0, "num_statements": 0, "percent_covered": 100.0, "percent_covered_display": "100", "missing_lines": 0, "excluded_lines": 0, "percent_statements_covered": 100.0, "percent_statements_covered_display": "100", "num_branches": 0, "num_partial_branches": 0, "covered_branches": 0, "missing_branches": 0, "percent_branches_covered": 100.0, "percent_branches_covered_display": "100"}, "missing_lines": [], "excluded_lines": [], "start_line": 22, "executed_branches": [], "missing_branches": []}, "": {"executed_lines": [3, 5, 6, 7, 8, 9, 10, 12, 15, 16, 17, 18, 21, 22, 23, 24, 25, 28, 29, 31, 33, 34, 35, 36, 40, 41, 42, 43, 44, 45, 46, 47, 49, 52, 53, 57, 58, 59, 60, 61, 68, 71, 72, 73, 76, 77, 78, 79, 80, 85, 90, 93, 94, 96, 98, 99, 100, 101, 102, 104, 105, 106, 107, 109, 112, 115, 122, 123, 124, 125, 127, 134, 135, 136, 143, 144, 146, 147, 149, 153, 154, 155, 156, 157, 158, 159, 160, 166, 167, 169, 170, 171, 172, 173, 174, 175, 182, 183, 184, 190, 191, 192, 193, 194, 199, 200, 201, 202, 204, 209], "summary": {"covered_lines": 110, "num_statements": 125, "percent_covered": 86.24338624338624, "percent_covered_display": "86", "missing_lines": 15, "excluded_lines": 0, "percent_statements_covered": 88.0, "percent_statements_covered_display": "88", "num_branches": 64, "num_partial_branches": 11, "covered_branches": 53, "missing_branches": 11, "percent_branches_covered": 82.8125, "percent_branches_covered_display": "83"}, "missing_lines": [32, 37, 48, 56, 81, 97, 103, 108, 126, 150, 151, 161, 164, 178, 181], "excluded_lines": [], "start_line": 1, "executed_branches": [[31, 33], [34, 35], [34, 36], [36, 40], [40, 41], [40, 42], [42, 43], [42, 44], [47, 49], [53, 57], [58, 59], [58, 73], [61, 68], [61, 71], [79, 80], [79, 90], [80, 85], [96, 98], [100, 101], [100, 122], [102, 104], [105, 106], [105, 122], [107, 109], [123, 124], [123, 134], [125, 127], [135, 136], [135, 143], [143, 144], [143, 146], [153, 154], [153, 169], [154, 155], [154, 167], [157, 158], [157, 160], [160, 166], [171, 172], [171, 209], [174, 171], [174, 175], [175, 182], [183, 184], [183, 190], [190, 174], [190, 191], [191, 192], [191, 193], [193, 194], [193, 200], [201, 202], [201, 204]], "missing_branches": [[31, 32], [36, 37], [47, 48], [53, 56], [80, 81], [96, 97], [102, 103], [107, 108], [125, 126], [160, 161], [175, 178]]}}}}, "totals": {"covered_lines": 8362, "num_statements": 9391, "percent_covered": 86.58618879808053, "percent_covered_display": "87", "missing_lines": 1029, "excluded_lines": 39, "percent_statements_covered": 89.0427004578852, "percent_statements_covered_display": "89", "num_branches": 3946, "num_partial_branches": 602, "covered_branches": 3186, "missing_branches": 760, "percent_branches_covered": 80.73998986315256, "percent_branches_covered_display": "81"}}